{"meta": {"format": 3, "version": "7.14.1", "timestamp": "2026-06-04T04:23:32.890928", "branch_coverage": false, "show_contexts": false}, "files": {"src\\core\\audit\\__init__.py": {"executed_lines": [], "summary": {"covered_lines": 0, "num_statements": 0, "percent_covered": 100.0, "percent_covered_display": "100", "missing_lines": 0, "excluded_lines": 0, "percent_statements_covered": 100.0, "percent_statements_covered_display": "100"}, "missing_lines": [], "excluded_lines": [], "functions": {"": {"executed_lines": [], "summary": {"covered_lines": 0, "num_statements": 0, "percent_covered": 100.0, "percent_covered_display": "100", "missing_lines": 0, "excluded_lines": 0, "percent_statements_covered": 100.0, "percent_statements_covered_display": "100"}, "missing_lines": [], "excluded_lines": [], "start_line": 1}}, "classes": {"": {"executed_lines": [], "summary": {"covered_lines": 0, "num_statements": 0, "percent_covered": 100.0, "percent_covered_display": "100", "missing_lines": 0, "excluded_lines": 0, "percent_statements_covered": 100.0, "percent_statements_covered_display": "100"}, "missing_lines": [], "excluded_lines": [], "start_line": 1}}}, "src\\core\\audit\\audit_logger.py": {"executed_lines": [2, 3, 4, 5, 6, 7, 8, 11, 12, 13, 14, 15, 16, 17, 19, 21, 22, 38, 39, 41, 42, 43, 45, 46, 55, 57, 58, 59, 60, 61, 62, 63, 65, 66, 67, 68, 69, 70, 71, 73, 74, 76, 77, 79, 81, 93, 94, 97, 98, 101, 102, 103, 104, 106, 107, 118, 120, 122, 123, 124, 133, 135, 136, 138, 139, 142, 143, 145, 146, 147, 150, 151, 153, 156, 157, 159, 162, 163, 165, 168, 169, 171, 172], "summary": {"covered_lines": 83, "num_statements": 104, "percent_covered": 79.8076923076923, "percent_covered_display": "80", "missing_lines": 21, "excluded_lines": 0, "percent_statements_covered": 79.8076923076923, "percent_statements_covered_display": "80"}, "missing_lines": [23, 24, 25, 26, 27, 28, 29, 30, 31, 32, 33, 34, 35, 36, 40, 75, 137, 144, 152, 158, 164], "excluded_lines": [], "functions": {"AuditLogger.__init__": {"executed_lines": [13, 14, 15, 16, 17], "summary": {"covered_lines": 5, "num_statements": 5, "percent_covered": 100.0, "percent_covered_display": "100", "missing_lines": 0, "excluded_lines": 0, "percent_statements_covered": 100.0, "percent_statements_covered_display": "100"}, "missing_lines": [], "excluded_lines": [], "start_line": 12}, "AuditLogger.subscribe_to_events": {"executed_lines": [21, 22], "summary": {"covered_lines": 2, "num_statements": 16, "percent_covered": 12.5, "percent_covered_display": "12", "missing_lines": 14, "excluded_lines": 0, "percent_statements_covered": 12.5, "percent_statements_covered_display": "12"}, "missing_lines": [23, 24, 25, 26, 27, 28, 29, 30, 31, 32, 33, 34, 35, 36], "excluded_lines": [], "start_line": 19}, "AuditLogger.init_log_structure": {"executed_lines": [39, 41, 42, 43, 45, 46, 55], "summary": {"covered_lines": 7, "num_statements": 8, "percent_covered": 87.5, "percent_covered_display": "88", "missing_lines": 1, "excluded_lines": 0, "percent_statements_covered": 87.5, "percent_statements_covered_display": "88"}, "missing_lines": [40], "excluded_lines": [], "start_line": 38}, "AuditLogger.get_next_sequence": {"executed_lines": [58, 59, 60, 61, 62, 63], "summary": {"covered_lines": 6, "num_statements": 6, "percent_covered": 100.0, "percent_covered_display": "100", "missing_lines": 0, "excluded_lines": 0, "percent_statements_covered": 100.0, "percent_statements_covered_display": "100"}, "missing_lines": [], "excluded_lines": [], "start_line": 57}, "AuditLogger.get_previous_hash": {"executed_lines": [66, 67, 68, 69, 70, 71], "summary": {"covered_lines": 6, "num_statements": 6, "percent_covered": 100.0, "percent_covered_display": "100", "missing_lines": 0, "excluded_lines": 0, "percent_statements_covered": 100.0, "percent_statements_covered_display": "100"}, "missing_lines": [], "excluded_lines": [], "start_line": 65}, "AuditLogger.write_entry": {"executed_lines": [74, 76, 77, 79, 81, 93, 94, 97, 98, 101, 102, 103, 104, 106, 107, 118], "summary": {"covered_lines": 16, "num_statements": 17, "percent_covered": 94.11764705882354, "percent_covered_display": "94", "missing_lines": 1, "excluded_lines": 0, "percent_statements_covered": 94.11764705882354, "percent_statements_covered_display": "94"}, "missing_lines": [75], "excluded_lines": [], "start_line": 73}, "AuditLogger.log_event": {"executed_lines": [122, 123, 124, 133], "summary": {"covered_lines": 4, "num_statements": 4, "percent_covered": 100.0, "percent_covered_display": "100", "missing_lines": 0, "excluded_lines": 0, "percent_statements_covered": 100.0, "percent_statements_covered_display": "100"}, "missing_lines": [], "excluded_lines": [], "start_line": 120}, "AuditLogger.log_auth_event": {"executed_lines": [136, 138, 139], "summary": {"covered_lines": 3, "num_statements": 4, "percent_covered": 75.0, "percent_covered_display": "75", "missing_lines": 1, "excluded_lines": 0, "percent_statements_covered": 75.0, "percent_statements_covered_display": "75"}, "missing_lines": [137], "excluded_lines": [], "start_line": 135}, "AuditLogger.log_vault_event": {"executed_lines": [143, 145, 146, 147], "summary": {"covered_lines": 4, "num_statements": 5, "percent_covered": 80.0, "percent_covered_display": "80", "missing_lines": 1, "excluded_lines": 0, "percent_statements_covered": 80.0, "percent_statements_covered_display": "80"}, "missing_lines": [144], "excluded_lines": [], "start_line": 142}, "AuditLogger.log_clipboard_event": {"executed_lines": [151, 153], "summary": {"covered_lines": 2, "num_statements": 3, "percent_covered": 66.66666666666667, "percent_covered_display": "67", "missing_lines": 1, "excluded_lines": 0, "percent_statements_covered": 66.66666666666667, "percent_statements_covered_display": "67"}, "missing_lines": [152], "excluded_lines": [], "start_line": 150}, "AuditLogger.log_security_event": {"executed_lines": [157, 159], "summary": {"covered_lines": 2, "num_statements": 3, "percent_covered": 66.66666666666667, "percent_covered_display": "67", "missing_lines": 1, "excluded_lines": 0, "percent_statements_covered": 66.66666666666667, "percent_statements_covered_display": "67"}, "missing_lines": [158], "excluded_lines": [], "start_line": 156}, "AuditLogger.log_settings_change": {"executed_lines": [163, 165], "summary": {"covered_lines": 2, "num_statements": 3, "percent_covered": 66.66666666666667, "percent_covered_display": "67", "missing_lines": 1, "excluded_lines": 0, "percent_statements_covered": 66.66666666666667, "percent_statements_covered_display": "67"}, "missing_lines": [164], "excluded_lines": [], "start_line": 162}, "AuditLogger.disable": {"executed_lines": [169], "summary": {"covered_lines": 1, "num_statements": 1, "percent_covered": 100.0, "percent_covered_display": "100", "missing_lines": 0, "excluded_lines": 0, "percent_statements_covered": 100.0, "percent_statements_covered_display": "100"}, "missing_lines": [], "excluded_lines": [], "start_line": 168}, "AuditLogger.enable": {"executed_lines": [172], "summary": {"covered_lines": 1, "num_statements": 1, "percent_covered": 100.0, "percent_covered_display": "100", "missing_lines": 0, "excluded_lines": 0, "percent_statements_covered": 100.0, "percent_statements_covered_display": "100"}, "missing_lines": [], "excluded_lines": [], "start_line": 171}, "": {"executed_lines": [2, 3, 4, 5, 6, 7, 8, 11, 12, 19, 38, 57, 65, 73, 120, 135, 142, 150, 156, 162, 168, 171], "summary": {"covered_lines": 22, "num_statements": 22, "percent_covered": 100.0, "percent_covered_display": "100", "missing_lines": 0, "excluded_lines": 0, "percent_statements_covered": 100.0, "percent_statements_covered_display": "100"}, "missing_lines": [], "excluded_lines": [], "start_line": 1}}, "classes": {"AuditLogger": {"executed_lines": [13, 14, 15, 16, 17, 21, 22, 39, 41, 42, 43, 45, 46, 55, 58, 59, 60, 61, 62, 63, 66, 67, 68, 69, 70, 71, 74, 76, 77, 79, 81, 93, 94, 97, 98, 101, 102, 103, 104, 106, 107, 118, 122, 123, 124, 133, 136, 138, 139, 143, 145, 146, 147, 151, 153, 157, 159, 163, 165, 169, 172], "summary": {"covered_lines": 61, "num_statements": 82, "percent_covered": 74.39024390243902, "percent_covered_display": "74", "missing_lines": 21, "excluded_lines": 0, "percent_statements_covered": 74.39024390243902, "percent_statements_covered_display": "74"}, "missing_lines": [23, 24, 25, 26, 27, 28, 29, 30, 31, 32, 33, 34, 35, 36, 40, 75, 137, 144, 152, 158, 164], "excluded_lines": [], "start_line": 11}, "": {"executed_lines": [2, 3, 4, 5, 6, 7, 8, 11, 12, 19, 38, 57, 65, 73, 120, 135, 142, 150, 156, 162, 168, 171], "summary": {"covered_lines": 22, "num_statements": 22, "percent_covered": 100.0, "percent_covered_display": "100", "missing_lines": 0, "excluded_lines": 0, "percent_statements_covered": 100.0, "percent_statements_covered_display": "100"}, "missing_lines": [], "excluded_lines": [], "start_line": 1}}}, "src\\core\\audit\\log_formatters.py": {"executed_lines": [2, 3, 4, 5, 6, 9, 10, 11, 13, 15, 16, 21, 23, 24, 25, 35, 37, 39, 41, 42, 43, 44, 45, 47, 48, 50, 51, 53, 55, 57, 59, 62, 63, 64, 65, 67, 69, 102, 104, 113, 114, 119, 121, 122, 134, 136, 137, 139], "summary": {"covered_lines": 48, "num_statements": 72, "percent_covered": 66.66666666666667, "percent_covered_display": "67", "missing_lines": 24, "excluded_lines": 0, "percent_statements_covered": 66.66666666666667, "percent_statements_covered_display": "67"}, "missing_lines": [60, 71, 72, 73, 74, 76, 77, 79, 80, 82, 83, 85, 86, 88, 89, 90, 91, 93, 94, 95, 97, 98, 99, 100], "excluded_lines": [], "functions": {"LogFormatter.__init__": {"executed_lines": [11], "summary": {"covered_lines": 1, "num_statements": 1, "percent_covered": 100.0, "percent_covered_display": "100", "missing_lines": 0, "excluded_lines": 0, "percent_statements_covered": 100.0, "percent_statements_covered_display": "100"}, "missing_lines": [], "excluded_lines": [], "start_line": 10}, "LogFormatter.get_all_entries": {"executed_lines": [15, 16, 21, 23, 24, 25, 35], "summary": {"covered_lines": 7, "num_statements": 7, "percent_covered": 100.0, "percent_covered_display": "100", "missing_lines": 0, "excluded_lines": 0, "percent_statements_covered": 100.0, "percent_statements_covered_display": "100"}, "missing_lines": [], "excluded_lines": [], "start_line": 13}, "LogFormatter.export_json": {"executed_lines": [39, 41, 42, 43, 44, 45, 47, 48, 50, 51, 53], "summary": {"covered_lines": 11, "num_statements": 11, "percent_covered": 100.0, "percent_covered_display": "100", "missing_lines": 0, "excluded_lines": 0, "percent_statements_covered": 100.0, "percent_statements_covered_display": "100"}, "missing_lines": [], "excluded_lines": [], "start_line": 37}, "LogFormatter.export_csv": {"executed_lines": [57, 59, 62, 63, 64, 65, 67], "summary": {"covered_lines": 7, "num_statements": 8, "percent_covered": 87.5, "percent_covered_display": "88", "missing_lines": 1, "excluded_lines": 0, "percent_statements_covered": 87.5, "percent_statements_covered_display": "88"}, "missing_lines": [60], "excluded_lines": [], "start_line": 55}, "LogFormatter.export_pdf": {"executed_lines": [], "summary": {"covered_lines": 0, "num_statements": 23, "percent_covered": 0.0, "percent_covered_display": "0", "missing_lines": 23, "excluded_lines": 0, "percent_statements_covered": 0.0, "percent_statements_covered_display": "0"}, "missing_lines": [71, 72, 73, 74, 76, 77, 79, 80, 82, 83, 85, 86, 88, 89, 90, 91, 93, 94, 95, 97, 98, 99, 100], "excluded_lines": [], "start_line": 69}, "LogFormatter.export_signed_json": {"executed_lines": [104, 113, 114, 119, 121, 122, 134, 136, 137, 139], "summary": {"covered_lines": 10, "num_statements": 10, "percent_covered": 100.0, "percent_covered_display": "100", "missing_lines": 0, "excluded_lines": 0, "percent_statements_covered": 100.0, "percent_statements_covered_display": "100"}, "missing_lines": [], "excluded_lines": [], "start_line": 102}, "": {"executed_lines": [2, 3, 4, 5, 6, 9, 10, 13, 37, 55, 69, 102], "summary": {"covered_lines": 12, "num_statements": 12, "percent_covered": 100.0, "percent_covered_display": "100", "missing_lines": 0, "excluded_lines": 0, "percent_statements_covered": 100.0, "percent_statements_covered_display": "100"}, "missing_lines": [], "excluded_lines": [], "start_line": 1}}, "classes": {"LogFormatter": {"executed_lines": [11, 15, 16, 21, 23, 24, 25, 35, 39, 41, 42, 43, 44, 45, 47, 48, 50, 51, 53, 57, 59, 62, 63, 64, 65, 67, 104, 113, 114, 119, 121, 122, 134, 136, 137, 139], "summary": {"covered_lines": 36, "num_statements": 60, "percent_covered": 60.0, "percent_covered_display": "60", "missing_lines": 24, "excluded_lines": 0, "percent_statements_covered": 60.0, "percent_statements_covered_display": "60"}, "missing_lines": [60, 71, 72, 73, 74, 76, 77, 79, 80, 82, 83, 85, 86, 88, 89, 90, 91, 93, 94, 95, 97, 98, 99, 100], "excluded_lines": [], "start_line": 9}, "": {"executed_lines": [2, 3, 4, 5, 6, 9, 10, 13, 37, 55, 69, 102], "summary": {"covered_lines": 12, "num_statements": 12, "percent_covered": 100.0, "percent_covered_display": "100", "missing_lines": 0, "excluded_lines": 0, "percent_statements_covered": 100.0, "percent_statements_covered_display": "100"}, "missing_lines": [], "excluded_lines": [], "start_line": 1}}}, "src\\core\\audit\\log_signer.py": {"executed_lines": [2, 3, 4, 5, 8, 9, 10, 11, 12, 13, 15, 16, 18, 20, 21, 28, 29, 30, 31, 32, 39, 41, 43, 44, 45, 46, 47, 49, 51, 52, 53, 54, 55, 56, 57, 58, 59, 60, 62, 63, 65], "summary": {"covered_lines": 41, "num_statements": 42, "percent_covered": 97.61904761904762, "percent_covered_display": "98", "missing_lines": 1, "excluded_lines": 0, "percent_statements_covered": 97.61904761904762, "percent_statements_covered_display": "98"}, "missing_lines": [64], "excluded_lines": [], "functions": {"AuditLogSigner.__init__": {"executed_lines": [10, 11, 12, 13, 15, 16], "summary": {"covered_lines": 6, "num_statements": 6, "percent_covered": 100.0, "percent_covered_display": "100", "missing_lines": 0, "excluded_lines": 0, "percent_statements_covered": 100.0, "percent_statements_covered_display": "100"}, "missing_lines": [], "excluded_lines": [], "start_line": 9}, "AuditLogSigner.init_signer": {"executed_lines": [20, 21, 28, 29, 30, 31, 32, 39], "summary": {"covered_lines": 8, "num_statements": 8, "percent_covered": 100.0, "percent_covered_display": "100", "missing_lines": 0, "excluded_lines": 0, "percent_statements_covered": 100.0, "percent_statements_covered_display": "100"}, "missing_lines": [], "excluded_lines": [], "start_line": 18}, "AuditLogSigner.sign": {"executed_lines": [43, 44, 45, 46, 47], "summary": {"covered_lines": 5, "num_statements": 5, "percent_covered": 100.0, "percent_covered_display": "100", "missing_lines": 0, "excluded_lines": 0, "percent_statements_covered": 100.0, "percent_statements_covered_display": "100"}, "missing_lines": [], "excluded_lines": [], "start_line": 41}, "AuditLogSigner.verify": {"executed_lines": [51, 52, 53, 54, 55, 56, 57, 58, 59, 60], "summary": {"covered_lines": 10, "num_statements": 10, "percent_covered": 100.0, "percent_covered_display": "100", "missing_lines": 0, "excluded_lines": 0, "percent_statements_covered": 100.0, "percent_statements_covered_display": "100"}, "missing_lines": [], "excluded_lines": [], "start_line": 49}, "AuditLogSigner.get_public_key_hex": {"executed_lines": [63, 65], "summary": {"covered_lines": 2, "num_statements": 3, "percent_covered": 66.66666666666667, "percent_covered_display": "67", "missing_lines": 1, "excluded_lines": 0, "percent_statements_covered": 66.66666666666667, "percent_statements_covered_display": "67"}, "missing_lines": [64], "excluded_lines": [], "start_line": 62}, "": {"executed_lines": [2, 3, 4, 5, 8, 9, 18, 41, 49, 62], "summary": {"covered_lines": 10, "num_statements": 10, "percent_covered": 100.0, "percent_covered_display": "100", "missing_lines": 0, "excluded_lines": 0, "percent_statements_covered": 100.0, "percent_statements_covered_display": "100"}, "missing_lines": [], "excluded_lines": [], "start_line": 1}}, "classes": {"AuditLogSigner": {"executed_lines": [10, 11, 12, 13, 15, 16, 20, 21, 28, 29, 30, 31, 32, 39, 43, 44, 45, 46, 47, 51, 52, 53, 54, 55, 56, 57, 58, 59, 60, 63, 65], "summary": {"covered_lines": 31, "num_statements": 32, "percent_covered": 96.875, "percent_covered_display": "97", "missing_lines": 1, "excluded_lines": 0, "percent_statements_covered": 96.875, "percent_statements_covered_display": "97"}, "missing_lines": [64], "excluded_lines": [], "start_line": 8}, "": {"executed_lines": [2, 3, 4, 5, 8, 9, 18, 41, 49, 62], "summary": {"covered_lines": 10, "num_statements": 10, "percent_covered": 100.0, "percent_covered_display": "100", "missing_lines": 0, "excluded_lines": 0, "percent_statements_covered": 100.0, "percent_statements_covered_display": "100"}, "missing_lines": [], "excluded_lines": [], "start_line": 1}}}, "src\\core\\audit\\log_verifier.py": {"executed_lines": [2, 3, 4, 5, 6, 9, 10, 11, 12, 14, 16, 18, 19, 44, 45, 46, 51, 53, 63, 65, 66, 70, 71, 72, 73, 74, 76, 82, 83, 84, 89, 92, 93, 94, 95, 96, 97, 99, 100, 109, 117, 119, 121, 123, 124, 131, 133, 142, 143, 144, 145, 146, 147, 149, 155, 156, 157, 158, 159, 160, 170, 172, 174, 175, 176, 178, 181, 186, 188, 191, 193, 194, 195, 199, 201, 203, 205, 206, 207, 208, 209, 210, 211, 212, 213, 216, 221, 224, 227, 228, 230, 232, 234, 236, 237, 238, 243], "summary": {"covered_lines": 97, "num_statements": 126, "percent_covered": 76.98412698412699, "percent_covered_display": "77", "missing_lines": 29, "excluded_lines": 0, "percent_statements_covered": 76.98412698412699, "percent_statements_covered_display": "77"}, "missing_lines": [22, 25, 26, 27, 28, 30, 101, 102, 103, 105, 106, 110, 115, 162, 163, 164, 165, 166, 167, 168, 179, 189, 197, 215, 217, 219, 222, 225, 244], "excluded_lines": [], "functions": {"LogVerifier.__init__": {"executed_lines": [11, 12], "summary": {"covered_lines": 2, "num_statements": 2, "percent_covered": 100.0, "percent_covered_display": "100", "missing_lines": 0, "excluded_lines": 0, "percent_statements_covered": 100.0, "percent_statements_covered_display": "100"}, "missing_lines": [], "excluded_lines": [], "start_line": 10}, "LogVerifier.reconstruct_entry_data": {"executed_lines": [16, 18, 19], "summary": {"covered_lines": 3, "num_statements": 9, "percent_covered": 33.333333333333336, "percent_covered_display": "33", "missing_lines": 6, "excluded_lines": 0, "percent_statements_covered": 33.333333333333336, "percent_statements_covered_display": "33"}, "missing_lines": [22, 25, 26, 27, 28, 30], "excluded_lines": [], "start_line": 14}, "LogVerifier.verify_full": {"executed_lines": [45, 46, 51, 53, 63, 65, 66, 70, 71, 72, 73, 74, 76, 82, 83, 84, 89, 92, 93, 94, 95, 96, 97, 99, 100, 109, 117, 119], "summary": {"covered_lines": 28, "num_statements": 35, "percent_covered": 80.0, "percent_covered_display": "80", "missing_lines": 7, "excluded_lines": 0, "percent_statements_covered": 80.0, "percent_statements_covered_display": "80"}, "missing_lines": [101, 102, 103, 105, 106, 110, 115], "excluded_lines": [], "start_line": 44}, "LogVerifier.verify_range": {"executed_lines": [123, 124, 131, 133, 142, 143, 144, 145, 146, 147, 149, 155, 156, 157, 158, 159, 160, 170], "summary": {"covered_lines": 18, "num_statements": 25, "percent_covered": 72.0, "percent_covered_display": "72", "missing_lines": 7, "excluded_lines": 0, "percent_statements_covered": 72.0, "percent_statements_covered_display": "72"}, "missing_lines": [162, 163, 164, 165, 166, 167, 168], "excluded_lines": [], "start_line": 121}, "LogVerifier.check_integrity": {"executed_lines": [174, 175, 176, 178, 181, 186, 188, 191, 193, 194, 195, 199], "summary": {"covered_lines": 12, "num_statements": 15, "percent_covered": 80.0, "percent_covered_display": "80", "missing_lines": 3, "excluded_lines": 0, "percent_statements_covered": 80.0, "percent_statements_covered_display": "80"}, "missing_lines": [179, 189, 197], "excluded_lines": [], "start_line": 172}, "LogVerifier.get_verification_report": {"executed_lines": [203, 205, 206, 207, 208, 209, 210, 211, 212, 213, 216, 221, 224, 227, 228, 230], "summary": {"covered_lines": 16, "num_statements": 21, "percent_covered": 76.19047619047619, "percent_covered_display": "76", "missing_lines": 5, "excluded_lines": 0, "percent_statements_covered": 76.19047619047619, "percent_statements_covered_display": "76"}, "missing_lines": [215, 217, 219, 222, 225], "excluded_lines": [], "start_line": 201}, "LogVerifier.verify_and_notify": {"executed_lines": [234, 236, 237, 238, 243], "summary": {"covered_lines": 5, "num_statements": 6, "percent_covered": 83.33333333333333, "percent_covered_display": "83", "missing_lines": 1, "excluded_lines": 0, "percent_statements_covered": 83.33333333333333, "percent_statements_covered_display": "83"}, "missing_lines": [244], "excluded_lines": [], "start_line": 232}, "": {"executed_lines": [2, 3, 4, 5, 6, 9, 10, 14, 44, 121, 172, 201, 232], "summary": {"covered_lines": 13, "num_statements": 13, "percent_covered": 100.0, "percent_covered_display": "100", "missing_lines": 0, "excluded_lines": 0, "percent_statements_covered": 100.0, "percent_statements_covered_display": "100"}, "missing_lines": [], "excluded_lines": [], "start_line": 1}}, "classes": {"LogVerifier": {"executed_lines": [11, 12, 16, 18, 19, 45, 46, 51, 53, 63, 65, 66, 70, 71, 72, 73, 74, 76, 82, 83, 84, 89, 92, 93, 94, 95, 96, 97, 99, 100, 109, 117, 119, 123, 124, 131, 133, 142, 143, 144, 145, 146, 147, 149, 155, 156, 157, 158, 159, 160, 170, 174, 175, 176, 178, 181, 186, 188, 191, 193, 194, 195, 199, 203, 205, 206, 207, 208, 209, 210, 211, 212, 213, 216, 221, 224, 227, 228, 230, 234, 236, 237, 238, 243], "summary": {"covered_lines": 84, "num_statements": 113, "percent_covered": 74.33628318584071, "percent_covered_display": "74", "missing_lines": 29, "excluded_lines": 0, "percent_statements_covered": 74.33628318584071, "percent_statements_covered_display": "74"}, "missing_lines": [22, 25, 26, 27, 28, 30, 101, 102, 103, 105, 106, 110, 115, 162, 163, 164, 165, 166, 167, 168, 179, 189, 197, 215, 217, 219, 222, 225, 244], "excluded_lines": [], "start_line": 9}, "": {"executed_lines": [2, 3, 4, 5, 6, 9, 10, 14, 44, 121, 172, 201, 232], "summary": {"covered_lines": 13, "num_statements": 13, "percent_covered": 100.0, "percent_covered_display": "100", "missing_lines": 0, "excluded_lines": 0, "percent_statements_covered": 100.0, "percent_statements_covered_display": "100"}, "missing_lines": [], "excluded_lines": [], "start_line": 1}}}, "src\\core\\clipboard\\__init__.py": {"executed_lines": [], "summary": {"covered_lines": 0, "num_statements": 0, "percent_covered": 100.0, "percent_covered_display": "100", "missing_lines": 0, "excluded_lines": 0, "percent_statements_covered": 100.0, "percent_statements_covered_display": "100"}, "missing_lines": [], "excluded_lines": [], "functions": {"": {"executed_lines": [], "summary": {"covered_lines": 0, "num_statements": 0, "percent_covered": 100.0, "percent_covered_display": "100", "missing_lines": 0, "excluded_lines": 0, "percent_statements_covered": 100.0, "percent_statements_covered_display": "100"}, "missing_lines": [], "excluded_lines": [], "start_line": 1}}, "classes": {"": {"executed_lines": [], "summary": {"covered_lines": 0, "num_statements": 0, "percent_covered": 100.0, "percent_covered_display": "100", "missing_lines": 0, "excluded_lines": 0, "percent_statements_covered": 100.0, "percent_statements_covered_display": "100"}, "missing_lines": [], "excluded_lines": [], "start_line": 1}}}, "src\\core\\clipboard\\clipboard_service.py": {"executed_lines": [2, 3, 4, 5, 6, 7, 8, 10, 12, 14, 15, 16, 17, 21, 22, 23, 24, 25, 26, 27, 29, 30, 31, 32, 33, 34, 36, 37, 38, 39, 40, 41, 43, 44, 45, 46, 48, 51, 52, 53, 55, 56, 57, 58, 60, 61, 64, 69, 70, 71, 72, 73, 75, 81, 87, 88, 90, 91, 92, 93, 95, 96, 97, 99, 100, 101, 103, 108, 118, 121], "summary": {"covered_lines": 70, "num_statements": 95, "percent_covered": 73.6842105263158, "percent_covered_display": "74", "missing_lines": 25, "excluded_lines": 0, "percent_statements_covered": 73.6842105263158, "percent_statements_covered_display": "74"}, "missing_lines": [13, 18, 19, 49, 65, 66, 67, 82, 83, 84, 104, 105, 106, 109, 110, 111, 112, 113, 114, 115, 116, 119, 122, 123, 124], "excluded_lines": [], "functions": {"secure_zero_memory": {"executed_lines": [12, 14, 15, 16, 17], "summary": {"covered_lines": 5, "num_statements": 8, "percent_covered": 62.5, "percent_covered_display": "62", "missing_lines": 3, "excluded_lines": 0, "percent_statements_covered": 62.5, "percent_statements_covered_display": "62"}, "missing_lines": [13, 18, 19], "excluded_lines": [], "start_line": 10}, "SecureClipboardItem.__init__": {"executed_lines": [23, 24, 25, 26, 27], "summary": {"covered_lines": 5, "num_statements": 5, "percent_covered": 100.0, "percent_covered_display": "100", "missing_lines": 0, "excluded_lines": 0, "percent_statements_covered": 100.0, "percent_statements_covered_display": "100"}, "missing_lines": [], "excluded_lines": [], "start_line": 22}, "SecureClipboardItem.secure_wipe": {"executed_lines": [30, 31, 32, 33, 34], "summary": {"covered_lines": 5, "num_statements": 5, "percent_covered": 100.0, "percent_covered_display": "100", "missing_lines": 0, "excluded_lines": 0, "percent_statements_covered": 100.0, "percent_statements_covered_display": "100"}, "missing_lines": [], "excluded_lines": [], "start_line": 29}, "ClipboardService.__init__": {"executed_lines": [38, 39, 40, 41], "summary": {"covered_lines": 4, "num_statements": 4, "percent_covered": 100.0, "percent_covered_display": "100", "missing_lines": 0, "excluded_lines": 0, "percent_statements_covered": 100.0, "percent_statements_covered_display": "100"}, "missing_lines": [], "excluded_lines": [], "start_line": 37}, "ClipboardService.obfuscate": {"executed_lines": [44, 45, 46], "summary": {"covered_lines": 3, "num_statements": 3, "percent_covered": 100.0, "percent_covered_display": "100", "missing_lines": 0, "excluded_lines": 0, "percent_statements_covered": 100.0, "percent_statements_covered_display": "100"}, "missing_lines": [], "excluded_lines": [], "start_line": 43}, "ClipboardService.deobfuscate": {"executed_lines": [], "summary": {"covered_lines": 0, "num_statements": 1, "percent_covered": 0.0, "percent_covered_display": "0", "missing_lines": 1, "excluded_lines": 0, "percent_statements_covered": 0.0, "percent_statements_covered_display": "0"}, "missing_lines": [49], "excluded_lines": [], "start_line": 48}, "ClipboardService.set_auto_clear_timeout": {"executed_lines": [52, 53], "summary": {"covered_lines": 2, "num_statements": 2, "percent_covered": 100.0, "percent_covered_display": "100", "missing_lines": 0, "excluded_lines": 0, "percent_statements_covered": 100.0, "percent_statements_covered_display": "100"}, "missing_lines": [], "excluded_lines": [], "start_line": 51}, "ClipboardService.copy": {"executed_lines": [56, 57, 58, 60, 61, 64, 69, 70, 71, 72, 73, 75, 81], "summary": {"covered_lines": 13, "num_statements": 19, "percent_covered": 68.42105263157895, "percent_covered_display": "68", "missing_lines": 6, "excluded_lines": 0, "percent_statements_covered": 68.42105263157895, "percent_statements_covered_display": "68"}, "missing_lines": [65, 66, 67, 82, 83, 84], "excluded_lines": [], "start_line": 55}, "ClipboardService.clear": {"executed_lines": [88], "summary": {"covered_lines": 1, "num_statements": 1, "percent_covered": 100.0, "percent_covered_display": "100", "missing_lines": 0, "excluded_lines": 0, "percent_statements_covered": 100.0, "percent_statements_covered_display": "100"}, "missing_lines": [], "excluded_lines": [], "start_line": 87}, "ClipboardService.clear_current": {"executed_lines": [91, 92, 93, 95, 96, 97, 99, 100, 101], "summary": {"covered_lines": 9, "num_statements": 9, "percent_covered": 100.0, "percent_covered_display": "100", "missing_lines": 0, "excluded_lines": 0, "percent_statements_covered": 100.0, "percent_statements_covered_display": "100"}, "missing_lines": [], "excluded_lines": [], "start_line": 90}, "ClipboardService.on_timeout": {"executed_lines": [], "summary": {"covered_lines": 0, "num_statements": 3, "percent_covered": 0.0, "percent_covered_display": "0", "missing_lines": 3, "excluded_lines": 0, "percent_statements_covered": 0.0, "percent_statements_covered_display": "0"}, "missing_lines": [104, 105, 106], "excluded_lines": [], "start_line": 103}, "ClipboardService.do_clear": {"executed_lines": [], "summary": {"covered_lines": 0, "num_statements": 8, "percent_covered": 0.0, "percent_covered_display": "0", "missing_lines": 8, "excluded_lines": 0, "percent_statements_covered": 0.0, "percent_statements_covered_display": "0"}, "missing_lines": [109, 110, 111, 112, 113, 114, 115, 116], "excluded_lines": [], "start_line": 108}, "ClipboardService.get_current_item": {"executed_lines": [], "summary": {"covered_lines": 0, "num_statements": 1, "percent_covered": 0.0, "percent_covered_display": "0", "missing_lines": 1, "excluded_lines": 0, "percent_statements_covered": 0.0, "percent_statements_covered_display": "0"}, "missing_lines": [119], "excluded_lines": [], "start_line": 118}, "ClipboardService.get_remaining_time": {"executed_lines": [], "summary": {"covered_lines": 0, "num_statements": 3, "percent_covered": 0.0, "percent_covered_display": "0", "missing_lines": 3, "excluded_lines": 0, "percent_statements_covered": 0.0, "percent_statements_covered_display": "0"}, "missing_lines": [122, 123, 124], "excluded_lines": [], "start_line": 121}, "": {"executed_lines": [2, 3, 4, 5, 6, 7, 8, 10, 21, 22, 29, 36, 37, 43, 48, 51, 55, 87, 90, 103, 108, 118, 121], "summary": {"covered_lines": 23, "num_statements": 23, "percent_covered": 100.0, "percent_covered_display": "100", "missing_lines": 0, "excluded_lines": 0, "percent_statements_covered": 100.0, "percent_statements_covered_display": "100"}, "missing_lines": [], "excluded_lines": [], "start_line": 1}}, "classes": {"SecureClipboardItem": {"executed_lines": [23, 24, 25, 26, 27, 30, 31, 32, 33, 34], "summary": {"covered_lines": 10, "num_statements": 10, "percent_covered": 100.0, "percent_covered_display": "100", "missing_lines": 0, "excluded_lines": 0, "percent_statements_covered": 100.0, "percent_statements_covered_display": "100"}, "missing_lines": [], "excluded_lines": [], "start_line": 21}, "ClipboardService": {"executed_lines": [38, 39, 40, 41, 44, 45, 46, 52, 53, 56, 57, 58, 60, 61, 64, 69, 70, 71, 72, 73, 75, 81, 88, 91, 92, 93, 95, 96, 97, 99, 100, 101], "summary": {"covered_lines": 32, "num_statements": 54, "percent_covered": 59.25925925925926, "percent_covered_display": "59", "missing_lines": 22, "excluded_lines": 0, "percent_statements_covered": 59.25925925925926, "percent_statements_covered_display": "59"}, "missing_lines": [49, 65, 66, 67, 82, 83, 84, 104, 105, 106, 109, 110, 111, 112, 113, 114, 115, 116, 119, 122, 123, 124], "excluded_lines": [], "start_line": 36}, "": {"executed_lines": [2, 3, 4, 5, 6, 7, 8, 10, 12, 14, 15, 16, 17, 21, 22, 29, 36, 37, 43, 48, 51, 55, 87, 90, 103, 108, 118, 121], "summary": {"covered_lines": 28, "num_statements": 31, "percent_covered": 90.3225806451613, "percent_covered_display": "90", "missing_lines": 3, "excluded_lines": 0, "percent_statements_covered": 90.3225806451613, "percent_statements_covered_display": "90"}, "missing_lines": [13, 18, 19], "excluded_lines": [], "start_line": 1}}}, "src\\core\\crypto\\__init__.py": {"executed_lines": [], "summary": {"covered_lines": 0, "num_statements": 0, "percent_covered": 100.0, "percent_covered_display": "100", "missing_lines": 0, "excluded_lines": 0, "percent_statements_covered": 100.0, "percent_statements_covered_display": "100"}, "missing_lines": [], "excluded_lines": [], "functions": {"": {"executed_lines": [], "summary": {"covered_lines": 0, "num_statements": 0, "percent_covered": 100.0, "percent_covered_display": "100", "missing_lines": 0, "excluded_lines": 0, "percent_statements_covered": 100.0, "percent_statements_covered_display": "100"}, "missing_lines": [], "excluded_lines": [], "start_line": 1}}, "classes": {"": {"executed_lines": [], "summary": {"covered_lines": 0, "num_statements": 0, "percent_covered": 100.0, "percent_covered_display": "100", "missing_lines": 0, "excluded_lines": 0, "percent_statements_covered": 100.0, "percent_statements_covered_display": "100"}, "missing_lines": [], "excluded_lines": [], "start_line": 1}}}, "src\\core\\crypto\\abstract.py": {"executed_lines": [1, 2, 5], "summary": {"covered_lines": 3, "num_statements": 5, "percent_covered": 60.0, "percent_covered_display": "60", "missing_lines": 2, "excluded_lines": 0, "percent_statements_covered": 60.0, "percent_statements_covered_display": "60"}, "missing_lines": [3, 6], "excluded_lines": [], "functions": {"EncryptionService.encrypt": {"executed_lines": [], "summary": {"covered_lines": 0, "num_statements": 1, "percent_covered": 0.0, "percent_covered_display": "0", "missing_lines": 1, "excluded_lines": 0, "percent_statements_covered": 0.0, "percent_statements_covered_display": "0"}, "missing_lines": [3], "excluded_lines": [], "start_line": 2}, "EncryptionService.decrypt": {"executed_lines": [], "summary": {"covered_lines": 0, "num_statements": 1, "percent_covered": 0.0, "percent_covered_display": "0", "missing_lines": 1, "excluded_lines": 0, "percent_statements_covered": 0.0, "percent_statements_covered_display": "0"}, "missing_lines": [6], "excluded_lines": [], "start_line": 5}, "": {"executed_lines": [1, 2, 5], "summary": {"covered_lines": 3, "num_statements": 3, "percent_covered": 100.0, "percent_covered_display": "100", "missing_lines": 0, "excluded_lines": 0, "percent_statements_covered": 100.0, "percent_statements_covered_display": "100"}, "missing_lines": [], "excluded_lines": [], "start_line": 1}}, "classes": {"EncryptionService": {"executed_lines": [], "summary": {"covered_lines": 0, "num_statements": 2, "percent_covered": 0.0, "percent_covered_display": "0", "missing_lines": 2, "excluded_lines": 0, "percent_statements_covered": 0.0, "percent_statements_covered_display": "0"}, "missing_lines": [3, 6], "excluded_lines": [], "start_line": 1}, "": {"executed_lines": [1, 2, 5], "summary": {"covered_lines": 3, "num_statements": 3, "percent_covered": 100.0, "percent_covered_display": "100", "missing_lines": 0, "excluded_lines": 0, "percent_statements_covered": 100.0, "percent_statements_covered_display": "100"}, "missing_lines": [], "excluded_lines": [], "start_line": 1}}}, "src\\core\\crypto\\authentication.py": {"executed_lines": [1, 2, 3, 4, 5, 8, 9, 10, 11, 12, 13, 14, 15, 17, 19, 22, 24, 27, 29, 32, 34, 35, 37, 40, 42, 45, 47, 48, 50, 52, 55, 56, 57, 58, 59, 61, 63, 67, 69, 70, 72, 74, 75, 76, 80, 82, 83, 96, 98, 99, 101, 110], "summary": {"covered_lines": 52, "num_statements": 65, "percent_covered": 80.0, "percent_covered_display": "80", "missing_lines": 13, "excluded_lines": 0, "percent_statements_covered": 80.0, "percent_statements_covered_display": "80"}, "missing_lines": [20, 30, 51, 53, 85, 87, 88, 89, 90, 92, 94, 103, 112], "excluded_lines": [], "functions": {"Authentication.__init__": {"executed_lines": [10, 11, 12, 13, 14, 15], "summary": {"covered_lines": 6, "num_statements": 6, "percent_covered": 100.0, "percent_covered_display": "100", "missing_lines": 0, "excluded_lines": 0, "percent_statements_covered": 100.0, "percent_statements_covered_display": "100"}, "missing_lines": [], "excluded_lines": [], "start_line": 9}, "Authentication.login": {"executed_lines": [19, 22, 24, 27, 29, 32, 34, 35, 37, 40, 42, 45, 47, 48, 50, 52, 55, 56, 57, 58, 59, 61, 63, 67, 69, 70], "summary": {"covered_lines": 26, "num_statements": 30, "percent_covered": 86.66666666666667, "percent_covered_display": "87", "missing_lines": 4, "excluded_lines": 0, "percent_statements_covered": 86.66666666666667, "percent_statements_covered_display": "87"}, "missing_lines": [20, 30, 51, 53], "excluded_lines": [], "start_line": 17}, "Authentication.logout": {"executed_lines": [74, 75, 76], "summary": {"covered_lines": 3, "num_statements": 3, "percent_covered": 100.0, "percent_covered_display": "100", "missing_lines": 0, "excluded_lines": 0, "percent_statements_covered": 100.0, "percent_statements_covered_display": "100"}, "missing_lines": [], "excluded_lines": [], "start_line": 72}, "Authentication._check_attempts": {"executed_lines": [82, 83], "summary": {"covered_lines": 2, "num_statements": 9, "percent_covered": 22.22222222222222, "percent_covered_display": "22", "missing_lines": 7, "excluded_lines": 0, "percent_statements_covered": 22.22222222222222, "percent_statements_covered_display": "22"}, "missing_lines": [85, 87, 88, 89, 90, 92, 94], "excluded_lines": [], "start_line": 80}, "Authentication._register_failed_attempt": {"executed_lines": [98, 99], "summary": {"covered_lines": 2, "num_statements": 2, "percent_covered": 100.0, "percent_covered_display": "100", "missing_lines": 0, "excluded_lines": 0, "percent_statements_covered": 100.0, "percent_statements_covered_display": "100"}, "missing_lines": [], "excluded_lines": [], "start_line": 96}, "Authentication.get_session_info": {"executed_lines": [], "summary": {"covered_lines": 0, "num_statements": 1, "percent_covered": 0.0, "percent_covered_display": "0", "missing_lines": 1, "excluded_lines": 0, "percent_statements_covered": 0.0, "percent_statements_covered_display": "0"}, "missing_lines": [103], "excluded_lines": [], "start_line": 101}, "Authentication.get_encryption_key": {"executed_lines": [], "summary": {"covered_lines": 0, "num_statements": 1, "percent_covered": 0.0, "percent_covered_display": "0", "missing_lines": 1, "excluded_lines": 0, "percent_statements_covered": 0.0, "percent_statements_covered_display": "0"}, "missing_lines": [112], "excluded_lines": [], "start_line": 110}, "": {"executed_lines": [1, 2, 3, 4, 5, 8, 9, 17, 72, 80, 96, 101, 110], "summary": {"covered_lines": 13, "num_statements": 13, "percent_covered": 100.0, "percent_covered_display": "100", "missing_lines": 0, "excluded_lines": 0, "percent_statements_covered": 100.0, "percent_statements_covered_display": "100"}, "missing_lines": [], "excluded_lines": [], "start_line": 1}}, "classes": {"Authentication": {"executed_lines": [10, 11, 12, 13, 14, 15, 19, 22, 24, 27, 29, 32, 34, 35, 37, 40, 42, 45, 47, 48, 50, 52, 55, 56, 57, 58, 59, 61, 63, 67, 69, 70, 74, 75, 76, 82, 83, 98, 99], "summary": {"covered_lines": 39, "num_statements": 52, "percent_covered": 75.0, "percent_covered_display": "75", "missing_lines": 13, "excluded_lines": 0, "percent_statements_covered": 75.0, "percent_statements_covered_display": "75"}, "missing_lines": [20, 30, 51, 53, 85, 87, 88, 89, 90, 92, 94, 103, 112], "excluded_lines": [], "start_line": 8}, "": {"executed_lines": [1, 2, 3, 4, 5, 8, 9, 17, 72, 80, 96, 101, 110], "summary": {"covered_lines": 13, "num_statements": 13, "percent_covered": 100.0, "percent_covered_display": "100", "missing_lines": 0, "excluded_lines": 0, "percent_statements_covered": 100.0, "percent_statements_covered_display": "100"}, "missing_lines": [], "excluded_lines": [], "start_line": 1}}}, "src\\core\\crypto\\key_derivation.py": {"executed_lines": [1, 2, 3, 4, 5, 6, 9, 10, 12, 22, 24, 26, 28, 38, 40, 41, 43, 51, 54, 61, 63, 65, 66, 67, 68, 69, 71, 75, 77, 78, 79, 80, 82, 84, 85, 86, 87, 88], "summary": {"covered_lines": 38, "num_statements": 39, "percent_covered": 97.43589743589743, "percent_covered_display": "97", "missing_lines": 1, "excluded_lines": 0, "percent_statements_covered": 97.43589743589743, "percent_statements_covered_display": "97"}, "missing_lines": [73], "excluded_lines": [], "functions": {"KeyDerivation.__init__": {"executed_lines": [12, 22], "summary": {"covered_lines": 2, "num_statements": 2, "percent_covered": 100.0, "percent_covered_display": "100", "missing_lines": 0, "excluded_lines": 0, "percent_statements_covered": 100.0, "percent_statements_covered_display": "100"}, "missing_lines": [], "excluded_lines": [], "start_line": 10}, "KeyDerivation.create_auth_hash": {"executed_lines": [26, 28], "summary": {"covered_lines": 2, "num_statements": 2, "percent_covered": 100.0, "percent_covered_display": "100", "missing_lines": 0, "excluded_lines": 0, "percent_statements_covered": 100.0, "percent_statements_covered_display": "100"}, "missing_lines": [], "excluded_lines": [], "start_line": 24}, "KeyDerivation.derive_encryption_key": {"executed_lines": [40, 41, 43, 51, 54, 61], "summary": {"covered_lines": 6, "num_statements": 6, "percent_covered": 100.0, "percent_covered_display": "100", "missing_lines": 0, "excluded_lines": 0, "percent_statements_covered": 100.0, "percent_statements_covered_display": "100"}, "missing_lines": [], "excluded_lines": [], "start_line": 38}, "KeyDerivation.verify_password": {"executed_lines": [65, 66, 67, 68, 69], "summary": {"covered_lines": 5, "num_statements": 5, "percent_covered": 100.0, "percent_covered_display": "100", "missing_lines": 0, "excluded_lines": 0, "percent_statements_covered": 100.0, "percent_statements_covered_display": "100"}, "missing_lines": [], "excluded_lines": [], "start_line": 63}, "KeyDerivation.verify_password_constant_time": {"executed_lines": [], "summary": {"covered_lines": 0, "num_statements": 1, "percent_covered": 0.0, "percent_covered_display": "0", "missing_lines": 1, "excluded_lines": 0, "percent_statements_covered": 0.0, "percent_statements_covered_display": "0"}, "missing_lines": [73], "excluded_lines": [], "start_line": 71}, "KeyDerivation.encrypt_with_key": {"executed_lines": [77, 78, 79, 80], "summary": {"covered_lines": 4, "num_statements": 4, "percent_covered": 100.0, "percent_covered_display": "100", "missing_lines": 0, "excluded_lines": 0, "percent_statements_covered": 100.0, "percent_statements_covered_display": "100"}, "missing_lines": [], "excluded_lines": [], "start_line": 75}, "KeyDerivation.decrypt_with_key": {"executed_lines": [84, 85, 86, 87, 88], "summary": {"covered_lines": 5, "num_statements": 5, "percent_covered": 100.0, "percent_covered_display": "100", "missing_lines": 0, "excluded_lines": 0, "percent_statements_covered": 100.0, "percent_statements_covered_display": "100"}, "missing_lines": [], "excluded_lines": [], "start_line": 82}, "": {"executed_lines": [1, 2, 3, 4, 5, 6, 9, 10, 24, 38, 63, 71, 75, 82], "summary": {"covered_lines": 14, "num_statements": 14, "percent_covered": 100.0, "percent_covered_display": "100", "missing_lines": 0, "excluded_lines": 0, "percent_statements_covered": 100.0, "percent_statements_covered_display": "100"}, "missing_lines": [], "excluded_lines": [], "start_line": 1}}, "classes": {"KeyDerivation": {"executed_lines": [12, 22, 26, 28, 40, 41, 43, 51, 54, 61, 65, 66, 67, 68, 69, 77, 78, 79, 80, 84, 85, 86, 87, 88], "summary": {"covered_lines": 24, "num_statements": 25, "percent_covered": 96.0, "percent_covered_display": "96", "missing_lines": 1, "excluded_lines": 0, "percent_statements_covered": 96.0, "percent_statements_covered_display": "96"}, "missing_lines": [73], "excluded_lines": [], "start_line": 9}, "": {"executed_lines": [1, 2, 3, 4, 5, 6, 9, 10, 24, 38, 63, 71, 75, 82], "summary": {"covered_lines": 14, "num_statements": 14, "percent_covered": 100.0, "percent_covered_display": "100", "missing_lines": 0, "excluded_lines": 0, "percent_statements_covered": 100.0, "percent_statements_covered_display": "100"}, "missing_lines": [], "excluded_lines": [], "start_line": 1}}}, "src\\core\\crypto\\key_storage.py": {"executed_lines": [1, 2, 3, 6, 7, 8, 9, 10, 11, 12, 13, 15, 17, 18, 20, 21, 22, 24, 26, 27, 28, 30, 34, 35, 37, 39, 40, 41, 43, 45, 46, 47, 49, 55, 57, 58, 60, 63], "summary": {"covered_lines": 38, "num_statements": 46, "percent_covered": 82.6086956521739, "percent_covered_display": "83", "missing_lines": 8, "excluded_lines": 0, "percent_statements_covered": 82.6086956521739, "percent_statements_covered_display": "83"}, "missing_lines": [31, 32, 51, 52, 53, 59, 61, 62], "excluded_lines": [], "functions": {"KeyStorage.__init__": {"executed_lines": [8, 9, 10, 11, 12, 13], "summary": {"covered_lines": 6, "num_statements": 6, "percent_covered": 100.0, "percent_covered_display": "100", "missing_lines": 0, "excluded_lines": 0, "percent_statements_covered": 100.0, "percent_statements_covered_display": "100"}, "missing_lines": [], "excluded_lines": [], "start_line": 7}, "KeyStorage.store_key": {"executed_lines": [17, 18, 20, 21, 22], "summary": {"covered_lines": 5, "num_statements": 5, "percent_covered": 100.0, "percent_covered_display": "100", "missing_lines": 0, "excluded_lines": 0, "percent_statements_covered": 100.0, "percent_statements_covered_display": "100"}, "missing_lines": [], "excluded_lines": [], "start_line": 15}, "KeyStorage.get_key": {"executed_lines": [26, 27, 28, 30, 34, 35], "summary": {"covered_lines": 6, "num_statements": 8, "percent_covered": 75.0, "percent_covered_display": "75", "missing_lines": 2, "excluded_lines": 0, "percent_statements_covered": 75.0, "percent_statements_covered_display": "75"}, "missing_lines": [31, 32], "excluded_lines": [], "start_line": 24}, "KeyStorage.clear": {"executed_lines": [39, 40, 41], "summary": {"covered_lines": 3, "num_statements": 3, "percent_covered": 100.0, "percent_covered_display": "100", "missing_lines": 0, "excluded_lines": 0, "percent_statements_covered": 100.0, "percent_statements_covered_display": "100"}, "missing_lines": [], "excluded_lines": [], "start_line": 37}, "KeyStorage._secure_clear": {"executed_lines": [45, 46, 47], "summary": {"covered_lines": 3, "num_statements": 3, "percent_covered": 100.0, "percent_covered_display": "100", "missing_lines": 0, "excluded_lines": 0, "percent_statements_covered": 100.0, "percent_statements_covered_display": "100"}, "missing_lines": [], "excluded_lines": [], "start_line": 43}, "KeyStorage.update_activity": {"executed_lines": [], "summary": {"covered_lines": 0, "num_statements": 3, "percent_covered": 0.0, "percent_covered_display": "0", "missing_lines": 3, "excluded_lines": 0, "percent_statements_covered": 0.0, "percent_statements_covered_display": "0"}, "missing_lines": [51, 52, 53], "excluded_lines": [], "start_line": 49}, "KeyStorage.is_locked": {"executed_lines": [57, 58, 60, 63], "summary": {"covered_lines": 4, "num_statements": 7, "percent_covered": 57.142857142857146, "percent_covered_display": "57", "missing_lines": 3, "excluded_lines": 0, "percent_statements_covered": 57.142857142857146, "percent_statements_covered_display": "57"}, "missing_lines": [59, 61, 62], "excluded_lines": [], "start_line": 55}, "": {"executed_lines": [1, 2, 3, 6, 7, 15, 24, 37, 43, 49, 55], "summary": {"covered_lines": 11, "num_statements": 11, "percent_covered": 100.0, "percent_covered_display": "100", "missing_lines": 0, "excluded_lines": 0, "percent_statements_covered": 100.0, "percent_statements_covered_display": "100"}, "missing_lines": [], "excluded_lines": [], "start_line": 1}}, "classes": {"KeyStorage": {"executed_lines": [8, 9, 10, 11, 12, 13, 17, 18, 20, 21, 22, 26, 27, 28, 30, 34, 35, 39, 40, 41, 45, 46, 47, 57, 58, 60, 63], "summary": {"covered_lines": 27, "num_statements": 35, "percent_covered": 77.14285714285714, "percent_covered_display": "77", "missing_lines": 8, "excluded_lines": 0, "percent_statements_covered": 77.14285714285714, "percent_statements_covered_display": "77"}, "missing_lines": [31, 32, 51, 52, 53, 59, 61, 62], "excluded_lines": [], "start_line": 6}, "": {"executed_lines": [1, 2, 3, 6, 7, 15, 24, 37, 43, 49, 55], "summary": {"covered_lines": 11, "num_statements": 11, "percent_covered": 100.0, "percent_covered_display": "100", "missing_lines": 0, "excluded_lines": 0, "percent_statements_covered": 100.0, "percent_statements_covered_display": "100"}, "missing_lines": [], "excluded_lines": [], "start_line": 1}}}, "src\\core\\crypto\\placeholder.py": {"executed_lines": [1, 4, 5, 6, 7, 8, 9, 11, 12, 13, 14, 15], "summary": {"covered_lines": 12, "num_statements": 12, "percent_covered": 100.0, "percent_covered_display": "100", "missing_lines": 0, "excluded_lines": 0, "percent_statements_covered": 100.0, "percent_statements_covered_display": "100"}, "missing_lines": [], "excluded_lines": [], "functions": {"AES256Placeholder.encrypt": {"executed_lines": [6, 7, 8, 9], "summary": {"covered_lines": 4, "num_statements": 4, "percent_covered": 100.0, "percent_covered_display": "100", "missing_lines": 0, "excluded_lines": 0, "percent_statements_covered": 100.0, "percent_statements_covered_display": "100"}, "missing_lines": [], "excluded_lines": [], "start_line": 5}, "AES256Placeholder.decrypt": {"executed_lines": [12, 13, 14, 15], "summary": {"covered_lines": 4, "num_statements": 4, "percent_covered": 100.0, "percent_covered_display": "100", "missing_lines": 0, "excluded_lines": 0, "percent_statements_covered": 100.0, "percent_statements_covered_display": "100"}, "missing_lines": [], "excluded_lines": [], "start_line": 11}, "": {"executed_lines": [1, 4, 5, 11], "summary": {"covered_lines": 4, "num_statements": 4, "percent_covered": 100.0, "percent_covered_display": "100", "missing_lines": 0, "excluded_lines": 0, "percent_statements_covered": 100.0, "percent_statements_covered_display": "100"}, "missing_lines": [], "excluded_lines": [], "start_line": 1}}, "classes": {"AES256Placeholder": {"executed_lines": [6, 7, 8, 9, 12, 13, 14, 15], "summary": {"covered_lines": 8, "num_statements": 8, "percent_covered": 100.0, "percent_covered_display": "100", "missing_lines": 0, "excluded_lines": 0, "percent_statements_covered": 100.0, "percent_statements_covered_display": "100"}, "missing_lines": [], "excluded_lines": [], "start_line": 4}, "": {"executed_lines": [1, 4, 5, 11], "summary": {"covered_lines": 4, "num_statements": 4, "percent_covered": 100.0, "percent_covered_display": "100", "missing_lines": 0, "excluded_lines": 0, "percent_statements_covered": 100.0, "percent_statements_covered_display": "100"}, "missing_lines": [], "excluded_lines": [], "start_line": 1}}}, "src\\core\\events.py": {"executed_lines": [1, 2, 3, 5, 6, 7, 8, 10, 11, 12, 13, 14, 18, 21], "summary": {"covered_lines": 14, "num_statements": 17, "percent_covered": 82.3529411764706, "percent_covered_display": "82", "missing_lines": 3, "excluded_lines": 0, "percent_statements_covered": 82.3529411764706, "percent_statements_covered_display": "82"}, "missing_lines": [15, 16, 19], "excluded_lines": [], "functions": {"EventSystem.__init__": {"executed_lines": [3], "summary": {"covered_lines": 1, "num_statements": 1, "percent_covered": 100.0, "percent_covered_display": "100", "missing_lines": 0, "excluded_lines": 0, "percent_statements_covered": 100.0, "percent_statements_covered_display": "100"}, "missing_lines": [], "excluded_lines": [], "start_line": 2}, "EventSystem.subscribe": {"executed_lines": [6, 7, 8], "summary": {"covered_lines": 3, "num_statements": 3, "percent_covered": 100.0, "percent_covered_display": "100", "missing_lines": 0, "excluded_lines": 0, "percent_statements_covered": 100.0, "percent_statements_covered_display": "100"}, "missing_lines": [], "excluded_lines": [], "start_line": 5}, "EventSystem.publish": {"executed_lines": [11, 12, 13, 14], "summary": {"covered_lines": 4, "num_statements": 6, "percent_covered": 66.66666666666667, "percent_covered_display": "67", "missing_lines": 2, "excluded_lines": 0, "percent_statements_covered": 66.66666666666667, "percent_statements_covered_display": "67"}, "missing_lines": [15, 16], "excluded_lines": [], "start_line": 10}, "EventSystem.clear": {"executed_lines": [], "summary": {"covered_lines": 0, "num_statements": 1, "percent_covered": 0.0, "percent_covered_display": "0", "missing_lines": 1, "excluded_lines": 0, "percent_statements_covered": 0.0, "percent_statements_covered_display": "0"}, "missing_lines": [19], "excluded_lines": [], "start_line": 18}, "": {"executed_lines": [1, 2, 5, 10, 18, 21], "summary": {"covered_lines": 6, "num_statements": 6, "percent_covered": 100.0, "percent_covered_display": "100", "missing_lines": 0, "excluded_lines": 0, "percent_statements_covered": 100.0, "percent_statements_covered_display": "100"}, "missing_lines": [], "excluded_lines": [], "start_line": 1}}, "classes": {"EventSystem": {"executed_lines": [3, 6, 7, 8, 11, 12, 13, 14], "summary": {"covered_lines": 8, "num_statements": 11, "percent_covered": 72.72727272727273, "percent_covered_display": "73", "missing_lines": 3, "excluded_lines": 0, "percent_statements_covered": 72.72727272727273, "percent_statements_covered_display": "73"}, "missing_lines": [15, 16, 19], "excluded_lines": [], "start_line": 1}, "": {"executed_lines": [1, 2, 5, 10, 18, 21], "summary": {"covered_lines": 6, "num_statements": 6, "percent_covered": 100.0, "percent_covered_display": "100", "missing_lines": 0, "excluded_lines": 0, "percent_statements_covered": 100.0, "percent_statements_covered_display": "100"}, "missing_lines": [], "excluded_lines": [], "start_line": 1}}}, "src\\core\\import_export\\__init__.py": {"executed_lines": [1, 2, 3, 4, 6], "summary": {"covered_lines": 5, "num_statements": 5, "percent_covered": 100.0, "percent_covered_display": "100", "missing_lines": 0, "excluded_lines": 0, "percent_statements_covered": 100.0, "percent_statements_covered_display": "100"}, "missing_lines": [], "excluded_lines": [], "functions": {"": {"executed_lines": [1, 2, 3, 4, 6], "summary": {"covered_lines": 5, "num_statements": 5, "percent_covered": 100.0, "percent_covered_display": "100", "missing_lines": 0, "excluded_lines": 0, "percent_statements_covered": 100.0, "percent_statements_covered_display": "100"}, "missing_lines": [], "excluded_lines": [], "start_line": 1}}, "classes": {"": {"executed_lines": [1, 2, 3, 4, 6], "summary": {"covered_lines": 5, "num_statements": 5, "percent_covered": 100.0, "percent_covered_display": "100", "missing_lines": 0, "excluded_lines": 0, "percent_statements_covered": 100.0, "percent_statements_covered_display": "100"}, "missing_lines": [], "excluded_lines": [], "start_line": 1}}}, "src\\core\\import_export\\crypto_utils.py": {"executed_lines": [1, 2, 3, 4, 5, 6, 7, 9, 10, 11, 12, 15, 16, 17, 20, 21, 24, 25, 28, 29, 32, 33, 36, 37, 38, 39, 42, 43, 50, 53, 55, 56, 57, 59, 60, 61, 64, 65, 84, 95, 96, 99, 100, 101, 102, 103, 104, 105, 106, 108, 119, 120, 121, 122, 124, 127, 128, 130, 131, 133, 136, 138, 141, 142, 143, 144, 145, 148, 149, 150, 159, 180, 182, 183, 191, 192, 193, 196, 197, 199, 200, 202, 205], "summary": {"covered_lines": 83, "num_statements": 96, "percent_covered": 86.45833333333333, "percent_covered_display": "86", "missing_lines": 13, "excluded_lines": 0, "percent_statements_covered": 86.45833333333333, "percent_statements_covered_display": "86"}, "missing_lines": [40, 62, 125, 129, 132, 139, 146, 194, 198, 201, 206, 207, 208], "excluded_lines": [], "functions": {"canonical_json": {"executed_lines": [21], "summary": {"covered_lines": 1, "num_statements": 1, "percent_covered": 100.0, "percent_covered_display": "100", "missing_lines": 0, "excluded_lines": 0, "percent_statements_covered": 100.0, "percent_statements_covered_display": "100"}, "missing_lines": [], "excluded_lines": [], "start_line": 20}, "b64encode": {"executed_lines": [25], "summary": {"covered_lines": 1, "num_statements": 1, "percent_covered": 100.0, "percent_covered_display": "100", "missing_lines": 0, "excluded_lines": 0, "percent_statements_covered": 100.0, "percent_statements_covered_display": "100"}, "missing_lines": [], "excluded_lines": [], "start_line": 24}, "b64decode": {"executed_lines": [29], "summary": {"covered_lines": 1, "num_statements": 1, "percent_covered": 100.0, "percent_covered_display": "100", "missing_lines": 0, "excluded_lines": 0, "percent_statements_covered": 100.0, "percent_statements_covered_display": "100"}, "missing_lines": [], "excluded_lines": [], "start_line": 28}, "sha256_hex": {"executed_lines": [33], "summary": {"covered_lines": 1, "num_statements": 1, "percent_covered": 100.0, "percent_covered_display": "100", "missing_lines": 0, "excluded_lines": 0, "percent_statements_covered": 100.0, "percent_statements_covered_display": "100"}, "missing_lines": [], "excluded_lines": [], "start_line": 32}, "derive_export_keys": {"executed_lines": [37, 38, 39, 42, 43, 50], "summary": {"covered_lines": 6, "num_statements": 7, "percent_covered": 85.71428571428571, "percent_covered_display": "86", "missing_lines": 1, "excluded_lines": 0, "percent_statements_covered": 85.71428571428571, "percent_statements_covered_display": "86"}, "missing_lines": [40], "excluded_lines": [], "start_line": 36}, "encrypt_with_password": {"executed_lines": [55, 56, 57, 59, 60, 61, 64, 65, 84, 95, 96], "summary": {"covered_lines": 11, "num_statements": 12, "percent_covered": 91.66666666666667, "percent_covered_display": "92", "missing_lines": 1, "excluded_lines": 0, "percent_statements_covered": 91.66666666666667, "percent_statements_covered_display": "92"}, "missing_lines": [62], "excluded_lines": [], "start_line": 53}, "decrypt_with_password": {"executed_lines": [100, 101, 102, 103, 104, 105, 106, 108, 119, 120, 121, 122, 124, 127, 128, 130, 131, 133], "summary": {"covered_lines": 18, "num_statements": 21, "percent_covered": 85.71428571428571, "percent_covered_display": "86", "missing_lines": 3, "excluded_lines": 0, "percent_statements_covered": 85.71428571428571, "percent_statements_covered_display": "86"}, "missing_lines": [125, 129, 132], "excluded_lines": [], "start_line": 99}, "encrypt_with_public_key": {"executed_lines": [138, 141, 142, 143, 144, 145, 148, 149, 150, 159], "summary": {"covered_lines": 10, "num_statements": 12, "percent_covered": 83.33333333333333, "percent_covered_display": "83", "missing_lines": 2, "excluded_lines": 0, "percent_statements_covered": 83.33333333333333, "percent_statements_covered_display": "83"}, "missing_lines": [139, 146], "excluded_lines": [], "start_line": 136}, "decrypt_with_private_key": {"executed_lines": [182, 183, 191, 192, 193, 196, 197, 199, 200, 202], "summary": {"covered_lines": 10, "num_statements": 13, "percent_covered": 76.92307692307692, "percent_covered_display": "77", "missing_lines": 3, "excluded_lines": 0, "percent_statements_covered": 76.92307692307692, "percent_statements_covered_display": "77"}, "missing_lines": [194, 198, 201], "excluded_lines": [], "start_line": 180}, "clear_bytes": {"executed_lines": [], "summary": {"covered_lines": 0, "num_statements": 3, "percent_covered": 0.0, "percent_covered_display": "0", "missing_lines": 3, "excluded_lines": 0, "percent_statements_covered": 0.0, "percent_statements_covered_display": "0"}, "missing_lines": [206, 207, 208], "excluded_lines": [], "start_line": 205}, "": {"executed_lines": [1, 2, 3, 4, 5, 6, 7, 9, 10, 11, 12, 15, 16, 17, 20, 24, 28, 32, 36, 53, 99, 136, 180, 205], "summary": {"covered_lines": 24, "num_statements": 24, "percent_covered": 100.0, "percent_covered_display": "100", "missing_lines": 0, "excluded_lines": 0, "percent_statements_covered": 100.0, "percent_statements_covered_display": "100"}, "missing_lines": [], "excluded_lines": [], "start_line": 1}}, "classes": {"": {"executed_lines": [1, 2, 3, 4, 5, 6, 7, 9, 10, 11, 12, 15, 16, 17, 20, 21, 24, 25, 28, 29, 32, 33, 36, 37, 38, 39, 42, 43, 50, 53, 55, 56, 57, 59, 60, 61, 64, 65, 84, 95, 96, 99, 100, 101, 102, 103, 104, 105, 106, 108, 119, 120, 121, 122, 124, 127, 128, 130, 131, 133, 136, 138, 141, 142, 143, 144, 145, 148, 149, 150, 159, 180, 182, 183, 191, 192, 193, 196, 197, 199, 200, 202, 205], "summary": {"covered_lines": 83, "num_statements": 96, "percent_covered": 86.45833333333333, "percent_covered_display": "86", "missing_lines": 13, "excluded_lines": 0, "percent_statements_covered": 86.45833333333333, "percent_statements_covered_display": "86"}, "missing_lines": [40, 62, 125, 129, 132, 139, 146, 194, 198, 201, 206, 207, 208], "excluded_lines": [], "start_line": 1}}}, "src\\core\\import_export\\exporter.py": {"executed_lines": [1, 2, 3, 5, 6, 14, 15, 18, 19, 20, 21, 23, 27, 29, 30, 31, 35, 38, 39, 40, 41, 42, 43, 44, 49, 50, 51, 53, 54, 55, 56, 57, 59, 68, 69, 79, 81, 83, 84, 88, 90, 91, 92, 93, 94, 96, 98, 100, 101, 102, 110, 117, 118, 119], "summary": {"covered_lines": 54, "num_statements": 77, "percent_covered": 70.12987012987013, "percent_covered_display": "70", "missing_lines": 23, "excluded_lines": 0, "percent_statements_covered": 70.12987012987013, "percent_statements_covered_display": "70"}, "missing_lines": [32, 33, 34, 36, 37, 45, 46, 47, 60, 61, 62, 63, 65, 66, 80, 85, 86, 99, 111, 112, 113, 114, 115], "excluded_lines": [], "functions": {"VaultExporter.__init__": {"executed_lines": [20, 21], "summary": {"covered_lines": 2, "num_statements": 2, "percent_covered": 100.0, "percent_covered_display": "100", "missing_lines": 0, "excluded_lines": 0, "percent_statements_covered": 100.0, "percent_statements_covered_display": "100"}, "missing_lines": [], "excluded_lines": [], "start_line": 19}, "VaultExporter.export_vault": {"executed_lines": [27, 29, 30, 31, 35, 38, 39, 40, 41, 42, 43, 44, 49, 50, 51, 53, 54, 55, 56, 57], "summary": {"covered_lines": 20, "num_statements": 28, "percent_covered": 71.42857142857143, "percent_covered_display": "71", "missing_lines": 8, "excluded_lines": 0, "percent_statements_covered": 71.42857142857143, "percent_statements_covered_display": "71"}, "missing_lines": [32, 33, 34, 36, 37, 45, 46, 47], "excluded_lines": [], "start_line": 23}, "VaultExporter.save_export": {"executed_lines": [], "summary": {"covered_lines": 0, "num_statements": 6, "percent_covered": 0.0, "percent_covered_display": "0", "missing_lines": 6, "excluded_lines": 0, "percent_statements_covered": 0.0, "percent_statements_covered_display": "0"}, "missing_lines": [60, 61, 62, 63, 65, 66], "excluded_lines": [], "start_line": 59}, "VaultExporter._build_payload": {"executed_lines": [69, 79, 81], "summary": {"covered_lines": 3, "num_statements": 4, "percent_covered": 75.0, "percent_covered_display": "75", "missing_lines": 1, "excluded_lines": 0, "percent_statements_covered": 75.0, "percent_statements_covered_display": "75"}, "missing_lines": [80], "excluded_lines": [], "start_line": 68}, "VaultExporter._get_entries_for_export": {"executed_lines": [84, 88, 90, 91, 92, 93, 94], "summary": {"covered_lines": 7, "num_statements": 9, "percent_covered": 77.77777777777777, "percent_covered_display": "78", "missing_lines": 2, "excluded_lines": 0, "percent_statements_covered": 77.77777777777777, "percent_statements_covered_display": "78"}, "missing_lines": [85, 86], "excluded_lines": [], "start_line": 83}, "VaultExporter._record_history": {"executed_lines": [98, 100, 101, 102, 110], "summary": {"covered_lines": 5, "num_statements": 11, "percent_covered": 45.45454545454545, "percent_covered_display": "45", "missing_lines": 6, "excluded_lines": 0, "percent_statements_covered": 45.45454545454545, "percent_statements_covered_display": "45"}, "missing_lines": [99, 111, 112, 113, 114, 115], "excluded_lines": [], "start_line": 96}, "VaultExporter._validate_encryption_material": {"executed_lines": [118, 119], "summary": {"covered_lines": 2, "num_statements": 2, "percent_covered": 100.0, "percent_covered_display": "100", "missing_lines": 0, "excluded_lines": 0, "percent_statements_covered": 100.0, "percent_statements_covered_display": "100"}, "missing_lines": [], "excluded_lines": [], "start_line": 117}, "": {"executed_lines": [1, 2, 3, 5, 6, 14, 15, 18, 19, 23, 59, 68, 83, 96, 117], "summary": {"covered_lines": 15, "num_statements": 15, "percent_covered": 100.0, "percent_covered_display": "100", "missing_lines": 0, "excluded_lines": 0, "percent_statements_covered": 100.0, "percent_statements_covered_display": "100"}, "missing_lines": [], "excluded_lines": [], "start_line": 1}}, "classes": {"VaultExporter": {"executed_lines": [20, 21, 27, 29, 30, 31, 35, 38, 39, 40, 41, 42, 43, 44, 49, 50, 51, 53, 54, 55, 56, 57, 69, 79, 81, 84, 88, 90, 91, 92, 93, 94, 98, 100, 101, 102, 110, 118, 119], "summary": {"covered_lines": 39, "num_statements": 62, "percent_covered": 62.903225806451616, "percent_covered_display": "63", "missing_lines": 23, "excluded_lines": 0, "percent_statements_covered": 62.903225806451616, "percent_statements_covered_display": "63"}, "missing_lines": [32, 33, 34, 36, 37, 45, 46, 47, 60, 61, 62, 63, 65, 66, 80, 85, 86, 99, 111, 112, 113, 114, 115], "excluded_lines": [], "start_line": 18}, "": {"executed_lines": [1, 2, 3, 5, 6, 14, 15, 18, 19, 23, 59, 68, 83, 96, 117], "summary": {"covered_lines": 15, "num_statements": 15, "percent_covered": 100.0, "percent_covered_display": "100", "missing_lines": 0, "excluded_lines": 0, "percent_statements_covered": 100.0, "percent_statements_covered_display": "100"}, "missing_lines": [], "excluded_lines": [], "start_line": 1}}}, "src\\core\\import_export\\formats\\__init__.py": {"executed_lines": [1, 2, 4], "summary": {"covered_lines": 3, "num_statements": 3, "percent_covered": 100.0, "percent_covered_display": "100", "missing_lines": 0, "excluded_lines": 0, "percent_statements_covered": 100.0, "percent_statements_covered_display": "100"}, "missing_lines": [], "excluded_lines": [], "functions": {"": {"executed_lines": [1, 2, 4], "summary": {"covered_lines": 3, "num_statements": 3, "percent_covered": 100.0, "percent_covered_display": "100", "missing_lines": 0, "excluded_lines": 0, "percent_statements_covered": 100.0, "percent_statements_covered_display": "100"}, "missing_lines": [], "excluded_lines": [], "start_line": 1}}, "classes": {"": {"executed_lines": [1, 2, 4], "summary": {"covered_lines": 3, "num_statements": 3, "percent_covered": 100.0, "percent_covered_display": "100", "missing_lines": 0, "excluded_lines": 0, "percent_statements_covered": 100.0, "percent_statements_covered_display": "100"}, "missing_lines": [], "excluded_lines": [], "start_line": 1}}}, "src\\core\\import_export\\formats\\csv_format.py": {"executed_lines": [1, 2, 3, 6, 7, 9, 10, 11, 12, 13, 14, 15, 17, 18, 19, 20, 24, 25, 26, 27, 35], "summary": {"covered_lines": 21, "num_statements": 23, "percent_covered": 91.30434782608695, "percent_covered_display": "91", "missing_lines": 2, "excluded_lines": 0, "percent_statements_covered": 91.30434782608695, "percent_statements_covered_display": "91"}, "missing_lines": [21, 22], "excluded_lines": [], "functions": {"CSVFormat.dump": {"executed_lines": [10, 11, 12, 13, 14, 15], "summary": {"covered_lines": 6, "num_statements": 6, "percent_covered": 100.0, "percent_covered_display": "100", "missing_lines": 0, "excluded_lines": 0, "percent_statements_covered": 100.0, "percent_statements_covered_display": "100"}, "missing_lines": [], "excluded_lines": [], "start_line": 9}, "CSVFormat.load": {"executed_lines": [18, 19, 20, 24, 25, 26, 27, 35], "summary": {"covered_lines": 8, "num_statements": 10, "percent_covered": 80.0, "percent_covered_display": "80", "missing_lines": 2, "excluded_lines": 0, "percent_statements_covered": 80.0, "percent_statements_covered_display": "80"}, "missing_lines": [21, 22], "excluded_lines": [], "start_line": 17}, "": {"executed_lines": [1, 2, 3, 6, 7, 9, 17], "summary": {"covered_lines": 7, "num_statements": 7, "percent_covered": 100.0, "percent_covered_display": "100", "missing_lines": 0, "excluded_lines": 0, "percent_statements_covered": 100.0, "percent_statements_covered_display": "100"}, "missing_lines": [], "excluded_lines": [], "start_line": 1}}, "classes": {"CSVFormat": {"executed_lines": [10, 11, 12, 13, 14, 15, 18, 19, 20, 24, 25, 26, 27, 35], "summary": {"covered_lines": 14, "num_statements": 16, "percent_covered": 87.5, "percent_covered_display": "88", "missing_lines": 2, "excluded_lines": 0, "percent_statements_covered": 87.5, "percent_statements_covered_display": "88"}, "missing_lines": [21, 22], "excluded_lines": [], "start_line": 6}, "": {"executed_lines": [1, 2, 3, 6, 7, 9, 17], "summary": {"covered_lines": 7, "num_statements": 7, "percent_covered": 100.0, "percent_covered_display": "100", "missing_lines": 0, "excluded_lines": 0, "percent_statements_covered": 100.0, "percent_statements_covered_display": "100"}, "missing_lines": [], "excluded_lines": [], "start_line": 1}}}, "src\\core\\import_export\\formats\\password_manager.py": {"executed_lines": [1, 2, 5, 6, 7, 8, 9, 20, 26, 27, 28, 29, 30, 31, 32, 40, 42, 43, 45, 46, 47, 49], "summary": {"covered_lines": 22, "num_statements": 23, "percent_covered": 95.65217391304348, "percent_covered_display": "96", "missing_lines": 1, "excluded_lines": 0, "percent_statements_covered": 95.65217391304348, "percent_statements_covered_display": "96"}, "missing_lines": [48], "excluded_lines": [], "functions": {"PasswordManagerFormat.dump_bitwarden": {"executed_lines": [7, 8, 9, 20], "summary": {"covered_lines": 4, "num_statements": 4, "percent_covered": 100.0, "percent_covered_display": "100", "missing_lines": 0, "excluded_lines": 0, "percent_statements_covered": 100.0, "percent_statements_covered_display": "100"}, "missing_lines": [], "excluded_lines": [], "start_line": 6}, "PasswordManagerFormat.load_bitwarden": {"executed_lines": [27, 28, 29, 30, 31, 32, 40], "summary": {"covered_lines": 7, "num_statements": 7, "percent_covered": 100.0, "percent_covered_display": "100", "missing_lines": 0, "excluded_lines": 0, "percent_statements_covered": 100.0, "percent_statements_covered_display": "100"}, "missing_lines": [], "excluded_lines": [], "start_line": 26}, "PasswordManagerFormat.load_lastpass_csv": {"executed_lines": [43, 45, 46, 47, 49], "summary": {"covered_lines": 5, "num_statements": 6, "percent_covered": 83.33333333333333, "percent_covered_display": "83", "missing_lines": 1, "excluded_lines": 0, "percent_statements_covered": 83.33333333333333, "percent_statements_covered_display": "83"}, "missing_lines": [48], "excluded_lines": [], "start_line": 42}, "": {"executed_lines": [1, 2, 5, 6, 26, 42], "summary": {"covered_lines": 6, "num_statements": 6, "percent_covered": 100.0, "percent_covered_display": "100", "missing_lines": 0, "excluded_lines": 0, "percent_statements_covered": 100.0, "percent_statements_covered_display": "100"}, "missing_lines": [], "excluded_lines": [], "start_line": 1}}, "classes": {"PasswordManagerFormat": {"executed_lines": [7, 8, 9, 20, 27, 28, 29, 30, 31, 32, 40, 43, 45, 46, 47, 49], "summary": {"covered_lines": 16, "num_statements": 17, "percent_covered": 94.11764705882354, "percent_covered_display": "94", "missing_lines": 1, "excluded_lines": 0, "percent_statements_covered": 94.11764705882354, "percent_statements_covered_display": "94"}, "missing_lines": [48], "excluded_lines": [], "start_line": 5}, "": {"executed_lines": [1, 2, 5, 6, 26, 42], "summary": {"covered_lines": 6, "num_statements": 6, "percent_covered": 100.0, "percent_covered_display": "100", "missing_lines": 0, "excluded_lines": 0, "percent_statements_covered": 100.0, "percent_statements_covered_display": "100"}, "missing_lines": [], "excluded_lines": [], "start_line": 1}}}, "src\\core\\import_export\\importer.py": {"executed_lines": [1, 2, 3, 4, 5, 6, 8, 9, 15, 16, 19, 20, 22, 23, 24, 25, 27, 37, 40, 41, 42, 43, 45, 46, 47, 48, 50, 53, 54, 55, 56, 58, 59, 62, 63, 64, 67, 72, 73, 75, 82, 83, 84, 86, 88, 89, 90, 92, 93, 94, 95, 96, 98, 99, 100, 102, 103, 105, 106, 107, 109, 111, 112, 117, 118, 119, 120, 130, 131, 132, 133, 134, 136, 137, 138, 139, 140, 141, 143, 145, 146, 147, 149, 151, 152, 155, 156, 157, 158, 167, 168, 169, 170, 171, 172, 173, 174, 176, 177, 179, 184, 186, 188, 189, 190, 198, 199, 200, 201, 202, 203], "summary": {"covered_lines": 111, "num_statements": 146, "percent_covered": 76.02739726027397, "percent_covered_display": "76", "missing_lines": 35, "excluded_lines": 0, "percent_statements_covered": 76.02739726027397, "percent_statements_covered_display": "76"}, "missing_lines": [30, 31, 33, 34, 35, 51, 60, 65, 66, 68, 69, 70, 101, 108, 110, 113, 114, 115, 121, 122, 123, 124, 125, 126, 127, 128, 135, 142, 148, 150, 153, 180, 181, 182, 187], "excluded_lines": [], "functions": {"VaultImporter.__init__": {"executed_lines": [22, 23, 24, 25], "summary": {"covered_lines": 4, "num_statements": 4, "percent_covered": 100.0, "percent_covered_display": "100", "missing_lines": 0, "excluded_lines": 0, "percent_statements_covered": 100.0, "percent_statements_covered_display": "100"}, "missing_lines": [], "excluded_lines": [], "start_line": 20}, "VaultImporter.import_file": {"executed_lines": [], "summary": {"covered_lines": 0, "num_statements": 5, "percent_covered": 0.0, "percent_covered_display": "0", "missing_lines": 5, "excluded_lines": 0, "percent_statements_covered": 0.0, "percent_statements_covered_display": "0"}, "missing_lines": [30, 31, 33, 34, 35], "excluded_lines": [], "start_line": 27}, "VaultImporter.import_data": {"executed_lines": [40, 41, 42, 43, 45, 46, 47, 48, 50, 53, 54, 55, 56, 58, 59, 62, 63, 64, 67, 72, 73, 75, 82, 83, 84], "summary": {"covered_lines": 25, "num_statements": 32, "percent_covered": 78.125, "percent_covered_display": "78", "missing_lines": 7, "excluded_lines": 0, "percent_statements_covered": 78.125, "percent_statements_covered_display": "78"}, "missing_lines": [51, 60, 65, 66, 68, 69, 70], "excluded_lines": [], "start_line": 37}, "VaultImporter.parse_entries": {"executed_lines": [88, 89, 90, 92, 93, 94, 95, 96, 98, 99, 100, 102, 103, 105, 106, 107, 109, 111, 112], "summary": {"covered_lines": 19, "num_statements": 25, "percent_covered": 76.0, "percent_covered_display": "76", "missing_lines": 6, "excluded_lines": 0, "percent_statements_covered": 76.0, "percent_statements_covered_display": "76"}, "missing_lines": [101, 108, 110, 113, 114, 115], "excluded_lines": [], "start_line": 86}, "VaultImporter.detect_format": {"executed_lines": [118, 119, 120], "summary": {"covered_lines": 3, "num_statements": 11, "percent_covered": 27.272727272727273, "percent_covered_display": "27", "missing_lines": 8, "excluded_lines": 0, "percent_statements_covered": 27.272727272727273, "percent_statements_covered_display": "27"}, "missing_lines": [121, 122, 123, 124, 125, 126, 127, 128], "excluded_lines": [], "start_line": 117}, "VaultImporter.sanitize_entry": {"executed_lines": [131, 132, 133, 134, 136, 137, 138, 139, 140, 141, 143], "summary": {"covered_lines": 11, "num_statements": 13, "percent_covered": 84.61538461538461, "percent_covered_display": "85", "missing_lines": 2, "excluded_lines": 0, "percent_statements_covered": 84.61538461538461, "percent_statements_covered_display": "85"}, "missing_lines": [135, 142], "excluded_lines": [], "start_line": 130}, "VaultImporter.validate_entries": {"executed_lines": [146, 147, 149, 151, 152], "summary": {"covered_lines": 5, "num_statements": 8, "percent_covered": 62.5, "percent_covered_display": "62", "missing_lines": 3, "excluded_lines": 0, "percent_statements_covered": 62.5, "percent_statements_covered_display": "62"}, "missing_lines": [148, 150, 153], "excluded_lines": [], "start_line": 145}, "VaultImporter._build_summary": {"executed_lines": [156, 157, 158], "summary": {"covered_lines": 3, "num_statements": 3, "percent_covered": 100.0, "percent_covered_display": "100", "missing_lines": 0, "excluded_lines": 0, "percent_statements_covered": 100.0, "percent_statements_covered_display": "100"}, "missing_lines": [], "excluded_lines": [], "start_line": 155}, "VaultImporter._existing_by_title_url": {"executed_lines": [168, 169, 170, 171, 172, 173, 174], "summary": {"covered_lines": 7, "num_statements": 7, "percent_covered": 100.0, "percent_covered_display": "100", "missing_lines": 0, "excluded_lines": 0, "percent_statements_covered": 100.0, "percent_statements_covered_display": "100"}, "missing_lines": [], "excluded_lines": [], "start_line": 167}, "VaultImporter._entry_key": {"executed_lines": [177], "summary": {"covered_lines": 1, "num_statements": 1, "percent_covered": 100.0, "percent_covered_display": "100", "missing_lines": 0, "excluded_lines": 0, "percent_statements_covered": 100.0, "percent_statements_covered_display": "100"}, "missing_lines": [], "excluded_lines": [], "start_line": 176}, "VaultImporter._clear_vault": {"executed_lines": [], "summary": {"covered_lines": 0, "num_statements": 3, "percent_covered": 0.0, "percent_covered_display": "0", "missing_lines": 3, "excluded_lines": 0, "percent_statements_covered": 0.0, "percent_statements_covered_display": "0"}, "missing_lines": [180, 181, 182], "excluded_lines": [], "start_line": 179}, "VaultImporter._record_history": {"executed_lines": [186, 188, 189, 190, 198, 199, 200, 201, 202, 203], "summary": {"covered_lines": 10, "num_statements": 11, "percent_covered": 90.9090909090909, "percent_covered_display": "91", "missing_lines": 1, "excluded_lines": 0, "percent_statements_covered": 90.9090909090909, "percent_statements_covered_display": "91"}, "missing_lines": [187], "excluded_lines": [], "start_line": 184}, "": {"executed_lines": [1, 2, 3, 4, 5, 6, 8, 9, 15, 16, 19, 20, 27, 37, 86, 117, 130, 145, 155, 167, 176, 179, 184], "summary": {"covered_lines": 23, "num_statements": 23, "percent_covered": 100.0, "percent_covered_display": "100", "missing_lines": 0, "excluded_lines": 0, "percent_statements_covered": 100.0, "percent_statements_covered_display": "100"}, "missing_lines": [], "excluded_lines": [], "start_line": 1}}, "classes": {"VaultImporter": {"executed_lines": [22, 23, 24, 25, 40, 41, 42, 43, 45, 46, 47, 48, 50, 53, 54, 55, 56, 58, 59, 62, 63, 64, 67, 72, 73, 75, 82, 83, 84, 88, 89, 90, 92, 93, 94, 95, 96, 98, 99, 100, 102, 103, 105, 106, 107, 109, 111, 112, 118, 119, 120, 131, 132, 133, 134, 136, 137, 138, 139, 140, 141, 143, 146, 147, 149, 151, 152, 156, 157, 158, 168, 169, 170, 171, 172, 173, 174, 177, 186, 188, 189, 190, 198, 199, 200, 201, 202, 203], "summary": {"covered_lines": 88, "num_statements": 123, "percent_covered": 71.54471544715447, "percent_covered_display": "72", "missing_lines": 35, "excluded_lines": 0, "percent_statements_covered": 71.54471544715447, "percent_statements_covered_display": "72"}, "missing_lines": [30, 31, 33, 34, 35, 51, 60, 65, 66, 68, 69, 70, 101, 108, 110, 113, 114, 115, 121, 122, 123, 124, 125, 126, 127, 128, 135, 142, 148, 150, 153, 180, 181, 182, 187], "excluded_lines": [], "start_line": 19}, "": {"executed_lines": [1, 2, 3, 4, 5, 6, 8, 9, 15, 16, 19, 20, 27, 37, 86, 117, 130, 145, 155, 167, 176, 179, 184], "summary": {"covered_lines": 23, "num_statements": 23, "percent_covered": 100.0, "percent_covered_display": "100", "missing_lines": 0, "excluded_lines": 0, "percent_statements_covered": 100.0, "percent_statements_covered_display": "100"}, "missing_lines": [], "excluded_lines": [], "start_line": 1}}}, "src\\core\\import_export\\key_exchange.py": {"executed_lines": [1, 2, 3, 4, 5, 6, 7, 8, 9, 11, 12, 15, 16, 17, 19, 20, 21, 23, 27, 39, 50, 51, 52, 54, 55, 60, 64, 71, 72, 73, 75, 76, 77, 84, 87, 89, 90, 91, 92, 93, 96, 98, 100, 101, 102, 103, 104, 105, 106, 107, 108, 115, 117, 118, 119, 120, 122, 123, 126, 127, 128, 130, 131, 133, 135, 136, 140], "summary": {"covered_lines": 67, "num_statements": 98, "percent_covered": 68.36734693877551, "percent_covered_display": "68", "missing_lines": 31, "excluded_lines": 0, "percent_statements_covered": 68.36734693877551, "percent_statements_covered_display": "68"}, "missing_lines": [24, 25, 28, 29, 30, 31, 36, 37, 40, 41, 42, 43, 47, 48, 97, 121, 124, 129, 132, 137, 138, 141, 142, 143, 144, 145, 146, 147, 148, 149, 150], "excluded_lines": [], "functions": {"KeyExchangeService.__init__": {"executed_lines": [17], "summary": {"covered_lines": 1, "num_statements": 1, "percent_covered": 100.0, "percent_covered_display": "100", "missing_lines": 0, "excluded_lines": 0, "percent_statements_covered": 100.0, "percent_statements_covered_display": "100"}, "missing_lines": [], "excluded_lines": [], "start_line": 16}, "KeyExchangeService.generate_rsa_key_pair": {"executed_lines": [20, 21], "summary": {"covered_lines": 2, "num_statements": 2, "percent_covered": 100.0, "percent_covered_display": "100", "missing_lines": 0, "excluded_lines": 0, "percent_statements_covered": 100.0, "percent_statements_covered_display": "100"}, "missing_lines": [], "excluded_lines": [], "start_line": 19}, "KeyExchangeService.generate_ec_key_pair": {"executed_lines": [], "summary
[...]
ercent_covered_display": "100", "missing_lines": 0, "excluded_lines": 0, "percent_statements_covered": 100.0, "percent_statements_covered_display": "100"}, "missing_lines": [], "excluded_lines": [], "start_line": 122}, "SettingsManager.set_bool": {"executed_lines": [126], "summary": {"covered_lines": 1, "num_statements": 1, "percent_covered": 100.0, "percent_covered_display": "100", "missing_lines": 0, "excluded_lines": 0, "percent_statements_covered": 100.0, "percent_statements_covered_display": "100"}, "missing_lines": [], "excluded_lines": [], "start_line": 125}, "SettingsManager.validate_security_settings": {"executed_lines": [129, 130, 131, 132, 133, 134, 135, 136], "summary": {"covered_lines": 8, "num_statements": 8, "percent_covered": 100.0, "percent_covered_display": "100", "missing_lines": 0, "excluded_lines": 0, "percent_statements_covered": 100.0, "percent_statements_covered_display": "100"}, "missing_lines": [], "excluded_lines": [], "start_line": 128}, "SettingsManager.close": {"executed_lines": [139], "summary": {"covered_lines": 1, "num_statements": 1, "percent_covered": 100.0, "percent_covered_display": "100", "missing_lines": 0, "excluded_lines": 0, "percent_statements_covered": 100.0, "percent_statements_covered_display": "100"}, "missing_lines": [], "excluded_lines": [], "start_line": 138}, "": {"executed_lines": [1, 4, 5, 6, 7, 8, 10, 15, 23, 31, 34, 37, 43, 48, 55, 59, 63, 69, 93, 100, 104, 108, 113, 117, 122, 125, 128, 138], "summary": {"covered_lines": 28, "num_statements": 28, "percent_covered": 100.0, "percent_covered_display": "100", "missing_lines": 0, "excluded_lines": 0, "percent_statements_covered": 100.0, "percent_statements_covered_display": "100"}, "missing_lines": [], "excluded_lines": [], "start_line": 1}}, "classes": {"SettingsManager": {"executed_lines": [11, 12, 13, 16, 17, 18, 19, 20, 24, 25, 29, 32, 35, 38, 39, 40, 41, 44, 45, 46, 49, 50, 51, 52, 53, 56, 57, 60, 61, 64, 65, 66, 67, 70, 90, 91, 94, 95, 98, 101, 102, 105, 106, 109, 110, 111, 114, 115, 118, 119, 120, 123, 126, 129, 130, 131, 132, 133, 134, 135, 136, 139], "summary": {"covered_lines": 62, "num_statements": 65, "percent_covered": 95.38461538461539, "percent_covered_display": "95", "missing_lines": 3, "excluded_lines": 0, "percent_statements_covered": 95.38461538461539, "percent_statements_covered_display": "95"}, "missing_lines": [21, 96, 97], "excluded_lines": [], "start_line": 4}, "": {"executed_lines": [1, 4, 5, 6, 7, 8, 10, 15, 23, 31, 34, 37, 43, 48, 55, 59, 63, 69, 93, 100, 104, 108, 113, 117, 122, 125, 128, 138], "summary": {"covered_lines": 28, "num_statements": 28, "percent_covered": 100.0, "percent_covered_display": "100", "missing_lines": 0, "excluded_lines": 0, "percent_statements_covered": 100.0, "percent_statements_covered_display": "100"}, "missing_lines": [], "excluded_lines": [], "start_line": 1}}}, "src\\core\\vault\\__init__.py": {"executed_lines": [], "summary": {"covered_lines": 0, "num_statements": 0, "percent_covered": 100.0, "percent_covered_display": "100", "missing_lines": 0, "excluded_lines": 0, "percent_statements_covered": 100.0, "percent_statements_covered_display": "100"}, "missing_lines": [], "excluded_lines": [], "functions": {"": {"executed_lines": [], "summary": {"covered_lines": 0, "num_statements": 0, "percent_covered": 100.0, "percent_covered_display": "100", "missing_lines": 0, "excluded_lines": 0, "percent_statements_covered": 100.0, "percent_statements_covered_display": "100"}, "missing_lines": [], "excluded_lines": [], "start_line": 1}}, "classes": {"": {"executed_lines": [], "summary": {"covered_lines": 0, "num_statements": 0, "percent_covered": 100.0, "percent_covered_display": "100", "missing_lines": 0, "excluded_lines": 0, "percent_statements_covered": 100.0, "percent_statements_covered_display": "100"}, "missing_lines": [], "excluded_lines": [], "start_line": 1}}}, "src\\core\\vault\\encryption_service.py": {"executed_lines": [1, 2, 3, 4, 6, 9, 14, 17, 18, 19, 20, 22, 27, 30, 31, 33, 34, 36, 38, 39, 40, 41, 42, 44, 46, 47, 48, 49, 50], "summary": {"covered_lines": 29, "num_statements": 31, "percent_covered": 93.54838709677419, "percent_covered_display": "94", "missing_lines": 2, "excluded_lines": 0, "percent_statements_covered": 93.54838709677419, "percent_statements_covered_display": "94"}, "missing_lines": [15, 28], "excluded_lines": [], "functions": {"AESGCMEncryption.encrypt": {"executed_lines": [14, 17, 18, 19, 20], "summary": {"covered_lines": 5, "num_statements": 6, "percent_covered": 83.33333333333333, "percent_covered_display": "83", "missing_lines": 1, "excluded_lines": 0, "percent_statements_covered": 83.33333333333333, "percent_statements_covered_display": "83"}, "missing_lines": [15], "excluded_lines": [], "start_line": 9}, "AESGCMEncryption.decrypt": {"executed_lines": [27, 30, 31, 33, 34], "summary": {"covered_lines": 5, "num_statements": 6, "percent_covered": 83.33333333333333, "percent_covered_display": "83", "missing_lines": 1, "excluded_lines": 0, "percent_statements_covered": 83.33333333333333, "percent_statements_covered_display": "83"}, "missing_lines": [28], "excluded_lines": [], "start_line": 22}, "AESGCMEncryption.encrypt_entry": {"executed_lines": [38, 39, 40, 41, 42], "summary": {"covered_lines": 5, "num_statements": 5, "percent_covered": 100.0, "percent_covered_display": "100", "missing_lines": 0, "excluded_lines": 0, "percent_statements_covered": 100.0, "percent_statements_covered_display": "100"}, "missing_lines": [], "excluded_lines": [], "start_line": 36}, "AESGCMEncryption.decrypt_entry": {"executed_lines": [46, 47, 48, 49, 50], "summary": {"covered_lines": 5, "num_statements": 5, "percent_covered": 100.0, "percent_covered_display": "100", "missing_lines": 0, "excluded_lines": 0, "percent_statements_covered": 100.0, "percent_statements_covered_display": "100"}, "missing_lines": [], "excluded_lines": [], "start_line": 44}, "": {"executed_lines": [1, 2, 3, 4, 6, 9, 22, 36, 44], "summary": {"covered_lines": 9, "num_statements": 9, "percent_covered": 100.0, "percent_covered_display": "100", "missing_lines": 0, "excluded_lines": 0, "percent_statements_covered": 100.0, "percent_statements_covered_display": "100"}, "missing_lines": [], "excluded_lines": [], "start_line": 1}}, "classes": {"AESGCMEncryption": {"executed_lines": [14, 17, 18, 19, 20, 27, 30, 31, 33, 34, 38, 39, 40, 41, 42, 46, 47, 48, 49, 50], "summary": {"covered_lines": 20, "num_statements": 22, "percent_covered": 90.9090909090909, "percent_covered_display": "91", "missing_lines": 2, "excluded_lines": 0, "percent_statements_covered": 90.9090909090909, "percent_statements_covered_display": "91"}, "missing_lines": [15, 28], "excluded_lines": [], "start_line": 6}, "": {"executed_lines": [1, 2, 3, 4, 6, 9, 22, 36, 44], "summary": {"covered_lines": 9, "num_statements": 9, "percent_covered": 100.0, "percent_covered_display": "100", "missing_lines": 0, "excluded_lines": 0, "percent_statements_covered": 100.0, "percent_statements_covered_display": "100"}, "missing_lines": [], "excluded_lines": [], "start_line": 1}}}, "src\\core\\vault\\entry_manager.py": {"executed_lines": [1, 2, 3, 4, 7, 8, 9, 10, 11, 13, 15, 28, 30, 31, 32, 36, 37, 42, 43, 45, 47, 48, 49, 51, 52, 54, 55, 56, 57, 59, 61, 63, 64, 65, 67, 68, 69, 70, 71, 72, 73, 75, 77, 79, 81, 93, 95, 96, 97, 101, 106, 107, 109, 111, 112, 113, 114, 119, 120], "summary": {"covered_lines": 59, "num_statements": 70, "percent_covered": 84.28571428571429, "percent_covered_display": "84", "missing_lines": 11, "excluded_lines": 0, "percent_statements_covered": 84.28571428571429, "percent_statements_covered_display": "84"}, "missing_lines": [38, 39, 40, 58, 74, 102, 103, 104, 115, 116, 117], "excluded_lines": [], "functions": {"EntryManager.__init__": {"executed_lines": [9, 10, 11], "summary": {"covered_lines": 3, "num_statements": 3, "percent_covered": 100.0, "percent_covered_display": "100", "missing_lines": 0, "excluded_lines": 0, "percent_statements_covered": 100.0, "percent_statements_covered_display": "100"}, "missing_lines": [], "excluded_lines": [], "start_line": 8}, "EntryManager.create_entry": {"executed_lines": [15, 28, 30, 31, 32, 36, 37, 42, 43], "summary": {"covered_lines": 9, "num_statements": 12, "percent_covered": 75.0, "percent_covered_display": "75", "missing_lines": 3, "excluded_lines": 0, "percent_statements_covered": 75.0, "percent_statements_covered_display": "75"}, "missing_lines": [38, 39, 40], "excluded_lines": [], "start_line": 13}, "EntryManager.get_entry": {"executed_lines": [47, 48, 49, 51, 52, 54, 55, 56, 57, 59], "summary": {"covered_lines": 10, "num_statements": 11, "percent_covered": 90.9090909090909, "percent_covered_display": "91", "missing_lines": 1, "excluded_lines": 0, "percent_statements_covered": 90.9090909090909, "percent_statements_covered_display": "91"}, "missing_lines": [58], "excluded_lines": [], "start_line": 45}, "EntryManager.get_all_entries": {"executed_lines": [63, 64, 65, 67, 68, 69, 70, 71, 72, 73, 75, 77], "summary": {"covered_lines": 12, "num_statements": 13, "percent_covered": 92.3076923076923, "percent_covered_display": "92", "missing_lines": 1, "excluded_lines": 0, "percent_statements_covered": 92.3076923076923, "percent_statements_covered_display": "92"}, "missing_lines": [74], "excluded_lines": [], "start_line": 61}, "EntryManager.update_entry": {"executed_lines": [81, 93, 95, 96, 97, 101, 106, 107], "summary": {"covered_lines": 8, "num_statements": 11, "percent_covered": 72.72727272727273, "percent_covered_display": "73", "missing_lines": 3, "excluded_lines": 0, "percent_statements_covered": 72.72727272727273, "percent_statements_covered_display": "73"}, "missing_lines": [102, 103, 104], "excluded_lines": [], "start_line": 79}, "EntryManager.delete_entry": {"executed_lines": [111, 112, 113, 114, 119, 120], "summary": {"covered_lines": 6, "num_statements": 9, "percent_covered": 66.66666666666667, "percent_covered_display": "67", "missing_lines": 3, "excluded_lines": 0, "percent_statements_covered": 66.66666666666667, "percent_statements_covered_display": "67"}, "missing_lines": [115, 116, 117], "excluded_lines": [], "start_line": 109}, "": {"executed_lines": [1, 2, 3, 4, 7, 8, 13, 45, 61, 79, 109], "summary": {"covered_lines": 11, "num_statements": 11, "percent_covered": 100.0, "percent_covered_display": "100", "missing_lines": 0, "excluded_lines": 0, "percent_statements_covered": 100.0, "percent_statements_covered_display": "100"}, "missing_lines": [], "excluded_lines": [], "start_line": 1}}, "classes": {"EntryManager": {"executed_lines": [9, 10, 11, 15, 28, 30, 31, 32, 36, 37, 42, 43, 47, 48, 49, 51, 52, 54, 55, 56, 57, 59, 63, 64, 65, 67, 68, 69, 70, 71, 72, 73, 75, 77, 81, 93, 95, 96, 97, 101, 106, 107, 111, 112, 113, 114, 119, 120], "summary": {"covered_lines": 48, "num_statements": 59, "percent_covered": 81.35593220338983, "percent_covered_display": "81", "missing_lines": 11, "excluded_lines": 0, "percent_statements_covered": 81.35593220338983, "percent_statements_covered_display": "81"}, "missing_lines": [38, 39, 40, 58, 74, 102, 103, 104, 115, 116, 117], "excluded_lines": [], "start_line": 7}, "": {"executed_lines": [1, 2, 3, 4, 7, 8, 13, 45, 61, 79, 109], "summary": {"covered_lines": 11, "num_statements": 11, "percent_covered": 100.0, "percent_covered_display": "100", "missing_lines": 0, "excluded_lines": 0, "percent_statements_covered": 100.0, "percent_statements_covered_display": "100"}, "missing_lines": [], "excluded_lines": [], "start_line": 1}}}, "src\\core\\vault\\password_generator.py": {"executed_lines": [1, 2, 5, 6, 7, 8, 9, 10, 11, 12, 14, 17, 18, 20, 22, 25, 26, 27, 28, 29, 31, 32, 33, 34, 36, 37, 38, 39, 41, 42, 43, 44, 45, 46, 47, 48, 49, 51, 54, 56, 57, 58, 59, 60, 61, 62, 63, 65, 66, 67, 69, 70, 71, 73, 75], "summary": {"covered_lines": 55, "num_statements": 63, "percent_covered": 87.3015873015873, "percent_covered_display": "87", "missing_lines": 8, "excluded_lines": 0, "percent_statements_covered": 87.3015873015873, "percent_statements_covered_display": "87"}, "missing_lines": [21, 23, 52, 77, 83, 84, 86, 88], "excluded_lines": [], "functions": {"PasswordGenerator.__init__": {"executed_lines": [7, 8, 9, 10, 11, 12], "summary": {"covered_lines": 6, "num_statements": 6, "percent_covered": 100.0, "percent_covered_display": "100", "missing_lines": 0, "excluded_lines": 0, "percent_statements_covered": 100.0, "percent_statements_covered_display": "100"}, "missing_lines": [], "excluded_lines": [], "start_line": 6}, "PasswordGenerator.generate": {"executed_lines": [17, 18, 20, 22, 25, 26, 27, 28, 29, 31, 32, 33, 34, 36, 37, 38, 39, 41, 42, 43, 44, 45, 46, 47, 48, 49, 51, 54, 56, 57, 58, 59, 60, 61, 62, 63, 65, 66, 67, 69, 70, 71, 73], "summary": {"covered_lines": 43, "num_statements": 46, "percent_covered": 93.47826086956522, "percent_covered_display": "93", "missing_lines": 3, "excluded_lines": 0, "percent_statements_covered": 93.47826086956522, "percent_statements_covered_display": "93"}, "missing_lines": [21, 23, 52], "excluded_lines": [], "start_line": 14}, "PasswordGenerator.generate_memorable": {"executed_lines": [], "summary": {"covered_lines": 0, "num_statements": 5, "percent_covered": 0.0, "percent_covered_display": "0", "missing_lines": 5, "excluded_lines": 0, "percent_statements_covered": 0.0, "percent_statements_covered_display": "0"}, "missing_lines": [77, 83, 84, 86, 88], "excluded_lines": [], "start_line": 75}, "": {"executed_lines": [1, 2, 5, 6, 14, 75], "summary": {"covered_lines": 6, "num_statements": 6, "percent_covered": 100.0, "percent_covered_display": "100", "missing_lines": 0, "excluded_lines": 0, "percent_statements_covered": 100.0, "percent_statements_covered_display": "100"}, "missing_lines": [], "excluded_lines": [], "start_line": 1}}, "classes": {"PasswordGenerator": {"executed_lines": [7, 8, 9, 10, 11, 12, 17, 18, 20, 22, 25, 26, 27, 28, 29, 31, 32, 33, 34, 36, 37, 38, 39, 41, 42, 43, 44, 45, 46, 47, 48, 49, 51, 54, 56, 57, 58, 59, 60, 61, 62, 63, 65, 66, 67, 69, 70, 71, 73], "summary": {"covered_lines": 49, "num_statements": 57, "percent_covered": 85.96491228070175, "percent_covered_display": "86", "missing_lines": 8, "excluded_lines": 0, "percent_statements_covered": 85.96491228070175, "percent_statements_covered_display": "86"}, "missing_lines": [21, 23, 52, 77, 83, 84, 86, 88], "excluded_lines": [], "start_line": 5}, "": {"executed_lines": [1, 2, 5, 6, 14, 75], "summary": {"covered_lines": 6, "num_statements": 6, "percent_covered": 100.0, "percent_covered_display": "100", "missing_lines": 0, "excluded_lines": 0, "percent_statements_covered": 100.0, "percent_statements_covered_display": "100"}, "missing_lines": [], "excluded_lines": [], "start_line": 1}}}, "src\\database\\db.py": {"executed_lines": [1, 2, 5, 6, 7, 8, 10, 11, 12, 13, 14, 15, 16, 17, 18, 19, 20, 21, 23, 25, 26, 27, 29, 30, 31, 33, 36, 47, 64, 65, 66, 67, 70, 79, 81, 83, 85, 100, 101, 103, 113, 121, 136, 150, 163, 164, 167, 168, 169, 170, 171, 172, 173, 175, 177, 179, 181, 202, 204, 207, 209, 210, 212, 224], "summary": {"covered_lines": 64, "num_statements": 90, "percent_covered": 71.11111111111111, "percent_covered_display": "71", "missing_lines": 26, "excluded_lines": 0, "percent_statements_covered": 71.11111111111111, "percent_statements_covered_display": "71"}, "missing_lines": [22, 183, 184, 186, 188, 194, 199, 200, 205, 213, 214, 215, 216, 217, 218, 220, 221, 222, 226, 228, 229, 239, 240, 242, 254, 255], "excluded_lines": [], "functions": {"Database.__init__": {"executed_lines": [7, 8], "summary": {"covered_lines": 2, "num_statements": 2, "percent_covered": 100.0, "percent_covered_display": "100", "missing_lines": 0, "excluded_lines": 0, "percent_statements_covered": 100.0, "percent_statements_covered_display": "100"}, "missing_lines": [], "excluded_lines": [], "start_line": 6}, "Database.connect": {"executed_lines": [11, 12, 13, 14, 15, 16, 17, 18, 19, 20, 21, 23], "summary": {"covered_lines": 12, "num_statements": 13, "percent_covered": 92.3076923076923, "percent_covered_display": "92", "missing_lines": 1, "excluded_lines": 0, "percent_statements_covered": 92.3076923076923, "percent_statements_covered_display": "92"}, "missing_lines": [22], "excluded_lines": [], "start_line": 10}, "Database.close": {"executed_lines": [26, 27], "summary": {"covered_lines": 2, "num_statements": 2, "percent_covered": 100.0, "percent_covered_display": "100", "missing_lines": 0, "excluded_lines": 0, "percent_statements_covered": 100.0, "percent_statements_covered_display": "100"}, "missing_lines": [], "excluded_lines": [], "start_line": 25}, "Database.create_tables": {"executed_lines": [30, 31, 33, 36, 47, 64, 65, 66, 67, 70, 79, 81, 83, 85, 100, 101, 103, 113, 121, 136, 150, 163, 164, 167, 168, 169, 170, 171, 172, 173, 175, 177, 179], "summary": {"covered_lines": 33, "num_statements": 33, "percent_covered": 100.0, "percent_covered_display": "100", "missing_lines": 0, "excluded_lines": 0, "percent_statements_covered": 100.0, "percent_statements_covered_display": "100"}, "missing_lines": [], "excluded_lines": [], "start_line": 29}, "Database.insert_test_data": {"executed_lines": [], "summary": {"covered_lines": 0, "num_statements": 7, "percent_covered": 0.0, "percent_covered_display": "0", "missing_lines": 7, "excluded_lines": 0, "percent_statements_covered": 0.0, "percent_statements_covered_display": "0"}, "missing_lines": [183, 184, 186, 188, 194, 199, 200], "excluded_lines": [], "start_line": 181}, "Database.migrate_if_needed": {"executed_lines": [204, 207, 209, 210, 212], "summary": {"covered_lines": 5, "num_statements": 15, "percent_covered": 33.333333333333336, "percent_covered_display": "33", "missing_lines": 10, "excluded_lines": 0, "percent_statements_covered": 33.333333333333336, "percent_statements_covered_display": "33"}, "missing_lines": [205, 213, 214, 215, 216, 217, 218, 220, 221, 222], "excluded_lines": [], "start_line": 202}, "Database.save_entry": {"executed_lines": [], "summary": {"covered_lines": 0, "num_statements": 8, "percent_covered": 0.0, "percent_covered_display": "0", "missing_lines": 8, "excluded_lines": 0, "percent_statements_covered": 0.0, "percent_statements_covered_display": "0"}, "missing_lines": [226, 228, 229, 239, 240, 242, 254, 255], "excluded_lines": [], "start_line": 224}, "": {"executed_lines": [1, 2, 5, 6, 10, 25, 29, 181, 202, 224], "summary": {"covered_lines": 10, "num_statements": 10, "percent_covered": 100.0, "percent_covered_display": "100", "missing_lines": 0, "excluded_lines": 0, "percent_statements_covered": 100.0, "percent_statements_covered_display": "100"}, "missing_lines": [], "excluded_lines": [], "start_line": 1}}, "classes": {"Database": {"executed_lines": [7, 8, 11, 12, 13, 14, 15, 16, 17, 18, 19, 20, 21, 23, 26, 27, 30, 31, 33, 36, 47, 64, 65, 66, 67, 70, 79, 81, 83, 85, 100, 101, 103, 113, 121, 136, 150, 163, 164, 167, 168, 169, 170, 171, 172, 173, 175, 177, 179, 204, 207, 209, 210, 212], "summary": {"covered_lines": 54, "num_statements": 80, "percent_covered": 67.5, "percent_covered_display": "68", "missing_lines": 26, "excluded_lines": 0, "percent_statements_covered": 67.5, "percent_statements_covered_display": "68"}, "missing_lines": [22, 183, 184, 186, 188, 194, 199, 200, 205, 213, 214, 215, 216, 217, 218, 220, 221, 222, 226, 228, 229, 239, 240, 242, 254, 255], "excluded_lines": [], "start_line": 5}, "": {"executed_lines": [1, 2, 5, 6, 10, 25, 29, 181, 202, 224], "summary": {"covered_lines": 10, "num_statements": 10, "percent_covered": 100.0, "percent_covered_display": "100", "missing_lines": 0, "excluded_lines": 0, "percent_statements_covered": 100.0, "percent_statements_covered_display": "100"}, "missing_lines": [], "excluded_lines": [], "start_line": 1}}}}, "totals": {"covered_lines": 1423, "num_statements": 1745, "percent_covered": 81.54727793696276, "percent_covered_display": "82", "missing_lines": 322, "excluded_lines": 0, "percent_statements_covered": 81.54727793696276, "percent_statements_covered_display": "82"}}